TN:
SF:E:\workspace\vs_Code\MERN\Hospital\hospitalApplication\challenge\src\App.js
FN:18,(anonymous_0)
FNF:1
FNH:1
FNDA:2,(anonymous_0)
DA:19,2
LF:1
LH:1
BRF:0
BRH:0
end_of_record
TN:
SF:E:\workspace\vs_Code\MERN\Hospital\hospitalApplication\challenge\src\index.js
FN:4,_interopRequireDefault
FNF:1
FNH:0
FNDA:0,_interopRequireDefault
DA:1,0
DA:2,0
DA:3,0
DA:4,0
DA:6,0
LF:5
LH:0
BRDA:4,0,0,0
BRDA:4,0,1,0
BRDA:4,1,0,0
BRDA:4,1,1,0
BRF:4
BRH:0
end_of_record
TN:
SF:E:\workspace\vs_Code\MERN\Hospital\hospitalApplication\challenge\src\components\Button.jsx
FN:3,(anonymous_0)
FNF:1
FNH:0
FNDA:0,(anonymous_0)
DA:3,12
DA:5,0
LF:2
LH:1
BRF:0
BRH:0
end_of_record
TN:
SF:E:\workspace\vs_Code\MERN\Hospital\hospitalApplication\challenge\src\pages\AddPatient.jsx
FN:9,(anonymous_0)
FN:25,(anonymous_1)
FN:35,(anonymous_2)
FN:49,(anonymous_3)
FN:53,(anonymous_4)
FN:64,(anonymous_5)
FNF:6
FNH:5
FNDA:19,(anonymous_0)
FNDA:5,(anonymous_1)
FNDA:1,(anonymous_2)
FNDA:0,(anonymous_3)
FNDA:27,(anonymous_4)
FNDA:26,(anonymous_5)
DA:10,19
DA:12,19
DA:20,19
DA:21,19
DA:22,19
DA:26,5
DA:27,5
DA:28,5
DA:30,5
DA:36,1
DA:38,1
DA:39,1
DA:46,1
DA:50,0
DA:51,0
DA:54,27
DA:55,27
DA:65,26
DA:66,26
DA:67,26
DA:68,26
LF:21
LH:19
BRDA:27,0,0,0
BRDA:27,0,1,5
BRDA:36,1,0,1
BRDA:36,1,1,0
BRDA:56,2,0,27
BRDA:56,2,1,3
BRDA:56,2,2,2
BRDA:56,2,3,2
BRDA:56,2,4,2
BRF:9
BRH:7
end_of_record
TN:
SF:E:\workspace\vs_Code\MERN\Hospital\hospitalApplication\challenge\src\pages\AllAppointments.jsx
FN:8,(anonymous_0)
FN:18,(anonymous_1)
FN:22,(anonymous_2)
FN:26,(anonymous_3)
FN:32,(anonymous_4)
FN:36,(anonymous_5)
FN:63,(anonymous_6)
FNF:7
FNH:2
FNDA:1,(anonymous_0)
FNDA:0,(anonymous_1)
FNDA:0,(anonymous_2)
FNDA:0,(anonymous_3)
FNDA:0,(anonymous_4)
FNDA:3,(anonymous_5)
FNDA:0,(anonymous_6)
DA:9,1
DA:10,1
DA:14,1
DA:15,1
DA:16,1
DA:20,0
DA:24,0
DA:27,0
DA:28,0
DA:33,0
DA:34,0
DA:37,3
DA:39,3
DA:65,0
LF:14
LH:7
BRDA:33,0,0,0
BRDA:33,0,1,0
BRDA:44,1,0,3
BRDA:44,1,1,0
BRF:4
BRH:1
end_of_record
TN:
SF:E:\workspace\vs_Code\MERN\Hospital\hospitalApplication\challenge\src\pages\AllPatients.jsx
FN:6,(anonymous_0)
FN:16,(anonymous_1)
FN:20,(anonymous_2)
FN:24,(anonymous_3)
FN:32,(anonymous_4)
FN:45,(anonymous_5)
FNF:6
FNH:0
FNDA:0,(anonymous_0)
FNDA:0,(anonymous_1)
FNDA:0,(anonymous_2)
FNDA:0,(anonymous_3)
FNDA:0,(anonymous_4)
FNDA:0,(anonymous_5)
DA:7,0
DA:8,0
DA:12,0
DA:13,0
DA:14,0
DA:18,0
DA:22,0
DA:26,0
DA:27,0
DA:33,0
DA:35,0
DA:46,0
LF:12
LH:0
BRDA:39,0,0,0
BRDA:39,0,1,0
BRF:2
BRH:0
end_of_record
TN:
SF:E:\workspace\vs_Code\MERN\Hospital\hospitalApplication\challenge\src\pages\BookAppointment.jsx
FN:9,(anonymous_0)
FN:25,(anonymous_1)
FN:34,(anonymous_2)
FN:40,(anonymous_3)
FN:45,(anonymous_4)
FN:68,(anonymous_5)
FN:72,(anonymous_6)
FN:81,(anonymous_7)
FN:121,(anonymous_8)
FNF:9
FNH:0
FNDA:0,(anonymous_0)
FNDA:0,(anonymous_1)
FNDA:0,(anonymous_2)
FNDA:0,(anonymous_3)
FNDA:0,(anonymous_4)
FNDA:0,(anonymous_5)
FNDA:0,(anonymous_6)
FNDA:0,(anonymous_7)
FNDA:0,(anonymous_8)
DA:10,0
DA:11,0
DA:18,0
DA:19,0
DA:20,0
DA:21,0
DA:22,0
DA:26,0
DA:27,0
DA:28,0
DA:30,0
DA:36,0
DA:37,0
DA:38,0
DA:42,0
DA:46,0
DA:47,0
DA:49,0
DA:50,0
DA:52,0
DA:56,0
DA:57,0
DA:64,0
DA:69,0
DA:73,0
DA:74,0
DA:82,0
DA:84,0
DA:85,0
DA:87,0
DA:121,0
LF:31
LH:0
BRDA:27,0,0,0
BRDA:27,0,1,0
BRDA:36,1,0,0
BRDA:36,1,1,0
BRDA:46,2,0,0
BRDA:46,2,1,0
BRDA:50,3,0,0
BRDA:50,3,1,0
BRDA:50,4,0,0
BRDA:50,4,1,0
BRDA:75,5,0,0
BRDA:75,5,1,0
BRDA:75,5,2,0
BRDA:75,5,3,0
BRF:14
BRH:0
end_of_record
TN:
SF:E:\workspace\vs_Code\MERN\Hospital\hospitalApplication\challenge\src\pages\EditAppointment.jsx
FN:9,(anonymous_0)
FN:25,(anonymous_1)
FN:48,(anonymous_2)
FN:58,(anonymous_3)
FN:61,(anonymous_4)
FN:73,(anonymous_5)
FNF:6
FNH:3
FNDA:54,(anonymous_0)
FNDA:0,(anonymous_1)
FNDA:0,(anonymous_2)
FNDA:0,(anonymous_3)
FNDA:15,(anonymous_4)
FNDA:69,(anonymous_5)
DA:10,54
DA:11,54
DA:12,54
DA:21,54
DA:22,54
DA:23,54
DA:27,0
DA:33,0
DA:34,0
DA:36,0
DA:44,0
DA:49,0
DA:50,0
DA:59,0
DA:62,15
DA:63,15
DA:64,15
DA:66,15
DA:74,69
DA:76,69
DA:77,0
DA:79,69
LF:22
LH:13
BRDA:11,0,0,54
BRDA:11,0,1,0
BRDA:13,1,0,54
BRDA:13,1,1,0
BRDA:14,2,0,54
BRDA:14,2,1,0
BRDA:15,3,0,54
BRDA:15,3,1,0
BRDA:16,4,0,54
BRDA:16,4,1,0
BRDA:17,5,0,54
BRDA:17,5,1,0
BRDA:33,6,0,0
BRDA:33,6,1,0
BRDA:51,7,0,0
BRDA:51,7,1,0
BRDA:51,7,2,0
BRDA:51,7,3,0
BRDA:51,7,4,0
BRDA:63,8,0,0
BRDA:63,8,1,15
BRDA:76,9,0,0
BRDA:76,9,1,69
BRF:23
BRH:8
end_of_record
TN:
SF:E:\workspace\vs_Code\MERN\Hospital\hospitalApplication\challenge\src\pages\EditPatient.jsx
FN:8,(anonymous_0)
FN:23,(anonymous_1)
FN:41,(anonymous_2)
FN:51,(anonymous_3)
FN:55,(anonymous_4)
FN:64,(anonymous_5)
FNF:6
FNH:3
FNDA:18,(anonymous_0)
FNDA:0,(anonymous_1)
FNDA:0,(anonymous_2)
FNDA:0,(anonymous_3)
FNDA:5,(anonymous_4)
FNDA:23,(anonymous_5)
DA:9,18
DA:10,18
DA:11,18
DA:19,18
DA:20,18
DA:21,18
DA:25,0
DA:27,0
DA:29,0
DA:38,0
DA:42,0
DA:43,0
DA:53,0
DA:56,5
DA:57,5
DA:58,5
DA:60,5
DA:65,23
DA:66,23
DA:67,0
DA:71,23
LF:21
LH:13
BRDA:10,0,0,18
BRDA:10,0,1,0
BRDA:12,1,0,18
BRDA:12,1,1,0
BRDA:13,2,0,18
BRDA:13,2,1,0
BRDA:14,3,0,18
BRDA:14,3,1,0
BRDA:15,4,0,18
BRDA:15,4,1,0
BRDA:16,5,0,18
BRDA:16,5,1,0
BRDA:25,6,0,0
BRDA:25,6,1,0
BRDA:44,7,0,0
BRDA:44,7,1,0
BRDA:44,7,2,0
BRDA:44,7,3,0
BRDA:44,7,4,0
BRDA:57,8,0,0
BRDA:57,8,1,5
BRDA:66,9,0,0
BRDA:66,9,1,23
BRF:23
BRH:8
end_of_record
TN:
SF:E:\workspace\vs_Code\MERN\Hospital\hospitalApplication\challenge\src\pages\NavBar.jsx
FN:19,(anonymous_0)
FN:22,(anonymous_1)
FNF:2
FNH:1
FNDA:4,(anonymous_0)
FNDA:0,(anonymous_1)
DA:19,13
DA:20,4
DA:22,4
DA:24,4
LF:4
LH:4
BRF:0
BRH:0
end_of_record
TN:
SF:E:\workspace\vs_Code\MERN\Hospital\hospitalApplication\challenge\src\pages\SignInForm.js
FN:8,(anonymous_0)
FN:21,(anonymous_1)
FN:31,(anonymous_2)
FN:40,(anonymous_3)
FN:60,(anonymous_4)
FN:65,(anonymous_5)
FNF:6
FNH:4
FNDA:9,(anonymous_0)
FNDA:2,(anonymous_1)
FNDA:0,(anonymous_2)
FNDA:0,(anonymous_3)
FNDA:11,(anonymous_4)
FNDA:11,(anonymous_5)
DA:9,9
DA:11,9
DA:17,9
DA:18,9
DA:22,2
DA:23,2
DA:24,2
DA:26,2
DA:32,0
DA:33,0
DA:35,0
DA:38,0
DA:39,0
DA:40,0
DA:43,0
DA:44,0
DA:45,0
DA:46,0
DA:47,0
DA:48,0
DA:53,0
DA:54,0
DA:55,0
DA:61,11
DA:62,11
DA:66,11
DA:68,11
LF:27
LH:12
BRDA:23,0,0,0
BRDA:23,0,1,2
BRDA:39,1,0,0
BRDA:39,1,1,0
BRDA:43,2,0,0
BRDA:43,2,1,0
BRDA:43,3,0,0
BRDA:43,3,1,0
BRDA:53,4,0,0
BRDA:53,4,1,0
BRDA:62,5,0,11
BRDA:62,5,1,1
BRF:12
BRH:3
end_of_record
TN:
SF:E:\workspace\vs_Code\MERN\Hospital\hospitalApplication\challenge\src\pages\SignUpForm.js
FN:10,(anonymous_0)
FN:27,(anonymous_1)
FN:39,(anonymous_2)
FN:56,(anonymous_3)
FN:77,(anonymous_4)
FNF:5
FNH:3
FNDA:24,(anonymous_0)
FNDA:6,(anonymous_1)
FNDA:0,(anonymous_2)
FNDA:0,(anonymous_3)
FNDA:30,(anonymous_4)
DA:11,24
DA:13,24
DA:22,24
DA:23,24
DA:28,6
DA:29,6
DA:30,6
DA:31,6
DA:33,6
DA:40,0
DA:41,0
DA:42,0
DA:50,0
DA:51,0
DA:52,0
DA:64,0
DA:66,0
DA:78,30
LF:18
LH:10
BRDA:29,0,0,0
BRDA:29,0,1,6
BRDA:41,1,0,0
BRDA:41,1,1,0
BRDA:67,2,0,0
BRDA:67,2,1,0
BRDA:67,2,2,0
BRDA:67,2,3,0
BRDA:67,2,4,0
BRDA:67,2,5,0
BRF:10
BRH:1
end_of_record
TN:
SF:E:\workspace\vs_Code\MERN\Hospital\hospitalApplication\challenge\src\pages\ViewAppointment.jsx
FN:6,(anonymous_0)
FN:15,(anonymous_1)
FN:19,(anonymous_2)
FNF:3
FNH:2
FNDA:12,(anonymous_0)
FNDA:0,(anonymous_1)
FNDA:12,(anonymous_2)
DA:7,12
DA:8,12
DA:12,12
DA:16,0
DA:20,12
DA:21,12
DA:22,0
DA:24,12
LF:8
LH:6
BRDA:21,0,0,0
BRDA:21,0,1,12
BRF:2
BRH:1
end_of_record
TN:
SF:E:\workspace\vs_Code\MERN\Hospital\hospitalApplication\challenge\src\pages\ViewPatient.jsx
FN:5,(anonymous_0)
FN:14,(anonymous_1)
FN:18,(anonymous_2)
FNF:3
FNH:2
FNDA:12,(anonymous_0)
FNDA:0,(anonymous_1)
FNDA:12,(anonymous_2)
DA:6,12
DA:7,12
DA:11,12
DA:15,0
DA:19,12
DA:20,12
DA:21,0
DA:23,12
LF:8
LH:6
BRDA:20,0,0,0
BRDA:20,0,1,12
BRF:2
BRH:1
end_of_record
TN:
SF:E:\workspace\vs_Code\MERN\Hospital\hospitalApplication\challenge\src\pages\ViewProfile.jsx
FN:11,(anonymous_0)
FN:18,(anonymous_1)
FN:23,(anonymous_2)
FNF:3
FNH:2
FNDA:12,(anonymous_0)
FNDA:0,(anonymous_1)
FNDA:12,(anonymous_2)
DA:12,12
DA:13,12
DA:16,12
DA:19,0
DA:20,0
DA:25,12
DA:26,12
LF:7
LH:5
BRDA:14,0,0,12
BRDA:14,0,1,12
BRF:2
BRH:2
end_of_record
TN:
SF:E:\workspace\vs_Code\MERN\Hospital\hospitalApplication\challenge\src\pages\data.js
FN:1,patientsDetails
FN:5,appointmentDetails
FN:9,administratorDetails
FN:14,(anonymous_3)
FN:31,(anonymous_4)
FN:44,(anonymous_5)
FN:49,(anonymous_6)
FN:51,(anonymous_7)
FN:54,(anonymous_8)
FN:61,(anonymous_9)
FN:66,(anonymous_10)
FN:71,(anonymous_11)
FN:83,(anonymous_12)
FN:95,(anonymous_13)
FN:100,(anonymous_14)
FN:102,(anonymous_15)
FN:106,(anonymous_16)
FN:110,(anonymous_17)
FN:114,(anonymous_18)
FN:118,(anonymous_19)
FN:132,(anonymous_20)
FN:137,(anonymous_21)
FN:144,(anonymous_22)
FNF:23
FNH:13
FNDA:12,patientsDetails
FNDA:12,appointmentDetails
FNDA:12,administratorDetails
FNDA:3,(anonymous_3)
FNDA:0,(anonymous_4)
FNDA:2,(anonymous_5)
FNDA:0,(anonymous_6)
FNDA:0,(anonymous_7)
FNDA:18,(anonymous_8)
FNDA:12,(anonymous_9)
FNDA:0,(anonymous_10)
FNDA:4,(anonymous_11)
FNDA:0,(anonymous_12)
FNDA:3,(anonymous_13)
FNDA:0,(anonymous_14)
FNDA:0,(anonymous_15)
FNDA:66,(anonymous_16)
FNDA:0,(anonymous_17)
FNDA:0,(anonymous_18)
FNDA:1,(anonymous_19)
FNDA:9,(anonymous_20)
FNDA:12,(anonymous_21)
FNDA:0,(anonymous_22)
DA:2,12
DA:6,12
DA:10,12
DA:11,12
DA:14,12
DA:15,3
DA:17,3
DA:25,3
DA:31,12
DA:33,0
DA:44,12
DA:46,2
DA:49,12
DA:51,0
DA:54,12
DA:55,18
DA:61,12
DA:62,12
DA:66,12
DA:67,0
DA:71,12
DA:72,4
DA:73,4
DA:83,12
DA:85,0
DA:95,12
DA:97,3
DA:100,12
DA:101,0
DA:102,0
DA:106,12
DA:107,66
DA:110,12
DA:111,0
DA:114,12
DA:115,0
DA:118,12
DA:120,1
DA:121,1
DA:132,12
DA:134,9
DA:137,12
DA:138,12
DA:139,0
DA:141,12
DA:144,12
DA:145,0
DA:148,12
DA:150,12
DA:152,12
LF:50
LH:40
BRDA:15,0,0,3
BRDA:15,0,1,0
BRDA:55,1,0,18
BRDA:55,1,1,0
BRDA:62,2,0,12
BRDA:62,2,1,0
BRDA:72,3,0,4
BRDA:72,3,1,0
BRDA:107,4,0,66
BRDA:107,4,1,0
BRDA:111,5,0,0
BRDA:111,5,1,0
BRDA:120,6,0,1
BRDA:120,6,1,0
BRDA:134,7,0,9
BRDA:134,7,1,0
BRDA:138,8,0,0
BRDA:138,8,1,12
BRF:18
BRH:8
end_of_record
