<?xml version="1.0" encoding="UTF-8"?>
<coverage generated="1651466269063" clover="3.2.0">
  <project timestamp="1651466269063" name="All files">
    <metrics statements="251" coveredstatements="137" conditionals="125" coveredconditionals="40" methods="88" coveredmethods="41" elements="464" coveredelements="218" complexity="0" loc="251" ncloc="251" packages="3" files="16" classes="16">
      <package name="src">
        <metrics statements="6" coveredstatements="1" conditionals="4" coveredconditionals="0" methods="2" coveredmethods="1"/>
        <file name="App.js" path="E:\workspace\vs_Code\MERN\Hospital\hospitalApplication\challenge\src\App.js">
          <metrics statements="1" coveredstatements="1" conditionals="0" coveredconditionals="0" methods="1" coveredmethods="1"/>
          <line num="19" count="2" type="stmt"/>
        </file>
        <file name="index.js" path="E:\workspace\vs_Code\MERN\Hospital\hospitalApplication\challenge\src\index.js">
          <metrics statements="5" coveredstatements="0" conditionals="4" coveredconditionals="0" methods="1" coveredmethods="0"/>
          <line num="1" count="0" type="stmt"/>
          <line num="2" count="0" type="stmt"/>
          <line num="3" count="0" type="stmt"/>
          <line num="4" count="0" type="cond" truecount="0" falsecount="4"/>
          <line num="6" count="0" type="stmt"/>
        </file>
      </package>
      <package name="src.components">
        <metrics statements="2" coveredstatements="1" conditionals="0" coveredconditionals="0" methods="1" coveredmethods="0"/>
        <file name="Button.jsx" path="E:\workspace\vs_Code\MERN\Hospital\hospitalApplication\challenge\src\components\Button.jsx">
          <metrics statements="2" coveredstatements="1" conditionals="0" coveredconditionals="0" methods="1" coveredmethods="0"/>
          <line num="3" count="12" type="stmt"/>
          <line num="5" count="0" type="stmt"/>
        </file>
      </package>
      <package name="src.pages">
        <metrics statements="243" coveredstatements="135" conditionals="121" coveredconditionals="40" methods="85" coveredmethods="40"/>
        <file name="AddPatient.jsx" path="E:\workspace\vs_Code\MERN\Hospital\hospitalApplication\challenge\src\pages\AddPatient.jsx">
          <metrics statements="21" coveredstatements="19" conditionals="9" coveredconditionals="7" methods="6" coveredmethods="5"/>
          <line num="10" count="19" type="stmt"/>
          <line num="12" count="19" type="stmt"/>
          <line num="20" count="19" type="stmt"/>
          <line num="21" count="19" type="stmt"/>
          <line num="22" count="19" type="stmt"/>
          <line num="26" count="5" type="stmt"/>
          <line num="27" count="5" type="cond" truecount="1" falsecount="1"/>
          <line num="28" count="5" type="stmt"/>
          <line num="30" count="5" type="stmt"/>
          <line num="36" count="1" type="cond" truecount="1" falsecount="1"/>
          <line num="38" count="1" type="stmt"/>
          <line num="39" count="1" type="stmt"/>
          <line num="46" count="1" type="stmt"/>
          <line num="50" count="0" type="stmt"/>
          <line num="51" count="0" type="stmt"/>
          <line num="54" count="27" type="stmt"/>
          <line num="55" count="27" type="stmt"/>
          <line num="65" count="26" type="stmt"/>
          <line num="66" count="26" type="stmt"/>
          <line num="67" count="26" type="stmt"/>
          <line num="68" count="26" type="stmt"/>
        </file>
        <file name="AllAppointments.jsx" path="E:\workspace\vs_Code\MERN\Hospital\hospitalApplication\challenge\src\pages\AllAppointments.jsx">
          <metrics statements="14" coveredstatements="7" conditionals="4" coveredconditionals="1" methods="7" coveredmethods="2"/>
          <line num="9" count="1" type="stmt"/>
          <line num="10" count="1" type="stmt"/>
          <line num="14" count="1" type="stmt"/>
          <line num="15" count="1" type="stmt"/>
          <line num="16" count="1" type="stmt"/>
          <line num="20" count="0" type="stmt"/>
          <line num="24" count="0" type="stmt"/>
          <line num="27" count="0" type="stmt"/>
          <line num="28" count="0" type="stmt"/>
          <line num="33" count="0" type="cond" truecount="0" falsecount="2"/>
          <line num="34" count="0" type="stmt"/>
          <line num="37" count="3" type="stmt"/>
          <line num="39" count="3" type="stmt"/>
          <line num="65" count="0" type="stmt"/>
        </file>
        <file name="AllPatients.jsx" path="E:\workspace\vs_Code\MERN\Hospital\hospitalApplication\challenge\src\pages\AllPatients.jsx">
          <metrics statements="12" coveredstatements="0" conditionals="2" coveredconditionals="0" methods="6" coveredmethods="0"/>
          <line num="7" count="0" type="stmt"/>
          <line num="8" count="0" type="stmt"/>
          <line num="12" count="0" type="stmt"/>
          <line num="13" count="0" type="stmt"/>
          <line num="14" count="0" type="stmt"/>
          <line num="18" count="0" type="stmt"/>
          <line num="22" count="0" type="stmt"/>
          <line num="26" count="0" type="stmt"/>
          <line num="27" count="0" type="stmt"/>
          <line num="33" count="0" type="stmt"/>
          <line num="35" count="0" type="stmt"/>
          <line num="46" count="0" type="stmt"/>
        </file>
        <file name="BookAppointment.jsx" path="E:\workspace\vs_Code\MERN\Hospital\hospitalApplication\challenge\src\pages\BookAppointment.jsx">
          <metrics statements="31" coveredstatements="0" conditionals="14" coveredconditionals="0" methods="9" coveredmethods="0"/>
          <line num="10" count="0" type="stmt"/>
          <line num="11" count="0" type="stmt"/>
          <line num="18" count="0" type="stmt"/>
          <line num="19" count="0" type="stmt"/>
          <line num="20" count="0" type="stmt"/>
          <line num="21" count="0" type="stmt"/>
          <line num="22" count="0" type="stmt"/>
          <line num="26" count="0" type="stmt"/>
          <line num="27" count="0" type="cond" truecount="0" falsecount="2"/>
          <line num="28" count="0" type="stmt"/>
          <line num="30" count="0" type="stmt"/>
          <line num="36" count="0" type="cond" truecount="0" falsecount="2"/>
          <line num="37" count="0" type="stmt"/>
          <line num="38" count="0" type="stmt"/>
          <line num="42" count="0" type="stmt"/>
          <line num="46" count="0" type="cond" truecount="0" falsecount="2"/>
          <line num="47" count="0" type="stmt"/>
          <line num="49" count="0" type="stmt"/>
          <line num="50" count="0" type="cond" truecount="0" falsecount="4"/>
          <line num="52" count="0" type="stmt"/>
          <line num="56" count="0" type="stmt"/>
          <line num="57" count="0" type="stmt"/>
          <line num="64" count="0" type="stmt"/>
          <line num="69" count="0" type="stmt"/>
          <line num="73" count="0" type="stmt"/>
          <line num="74" count="0" type="stmt"/>
          <line num="82" count="0" type="stmt"/>
          <line num="84" count="0" type="stmt"/>
          <line num="85" count="0" type="stmt"/>
          <line num="87" count="0" type="stmt"/>
          <line num="121" count="0" type="stmt"/>
        </file>
        <file name="EditAppointment.jsx" path="E:\workspace\vs_Code\MERN\Hospital\hospitalApplication\challenge\src\pages\EditAppointment.jsx">
          <metrics statements="22" coveredstatements="13" conditionals="23" coveredconditionals="8" methods="6" coveredmethods="3"/>
          <line num="10" count="54" type="stmt"/>
          <line num="11" count="54" type="cond" truecount="1" falsecount="1"/>
          <line num="12" count="54" type="stmt"/>
          <line num="21" count="54" type="stmt"/>
          <line num="22" count="54" type="stmt"/>
          <line num="23" count="54" type="stmt"/>
          <line num="27" count="0" type="stmt"/>
          <line num="33" count="0" type="cond" truecount="0" falsecount="2"/>
          <line num="34" count="0" type="stmt"/>
          <line num="36" count="0" type="stmt"/>
          <line num="44" count="0" type="stmt"/>
          <line num="49" count="0" type="stmt"/>
          <line num="50" count="0" type="stmt"/>
          <line num="59" count="0" type="stmt"/>
          <line num="62" count="15" type="stmt"/>
          <line num="63" count="15" type="cond" truecount="1" falsecount="1"/>
          <line num="64" count="15" type="stmt"/>
          <line num="66" count="15" type="stmt"/>
          <line num="74" count="69" type="stmt"/>
          <line num="76" count="69" type="cond" truecount="1" falsecount="1"/>
          <line num="77" count="0" type="stmt"/>
          <line num="79" count="69" type="stmt"/>
        </file>
        <file name="EditPatient.jsx" path="E:\workspace\vs_Code\MERN\Hospital\hospitalApplication\challenge\src\pages\EditPatient.jsx">
          <metrics statements="21" coveredstatements="13" conditionals="23" coveredconditionals="8" methods="6" coveredmethods="3"/>
          <line num="9" count="18" type="stmt"/>
          <line num="10" count="18" type="cond" truecount="1" falsecount="1"/>
          <line num="11" count="18" type="stmt"/>
          <line num="19" count="18" type="stmt"/>
          <line num="20" count="18" type="stmt"/>
          <line num="21" count="18" type="stmt"/>
          <line num="25" count="0" type="cond" truecount="0" falsecount="2"/>
          <line num="27" count="0" type="stmt"/>
          <line num="29" count="0" type="stmt"/>
          <line num="38" count="0" type="stmt"/>
          <line num="42" count="0" type="stmt"/>
          <line num="43" count="0" type="stmt"/>
          <line num="53" count="0" type="stmt"/>
          <line num="56" count="5" type="stmt"/>
          <line num="57" count="5" type="cond" truecount="1" falsecount="1"/>
          <line num="58" count="5" type="stmt"/>
          <line num="60" count="5" type="stmt"/>
          <line num="65" count="23" type="stmt"/>
          <line num="66" count="23" type="cond" truecount="1" falsecount="1"/>
          <line num="67" count="0" type="stmt"/>
          <line num="71" count="23" type="stmt"/>
        </file>
        <file name="NavBar.jsx" path="E:\workspace\vs_Code\MERN\Hospital\hospitalApplication\challenge\src\pages\NavBar.jsx">
          <metrics statements="4" coveredstatements="4" conditionals="0" coveredconditionals="0" methods="2" coveredmethods="1"/>
          <line num="19" count="13" type="stmt"/>
          <line num="20" count="4" type="stmt"/>
          <line num="22" count="4" type="stmt"/>
          <line num="24" count="4" type="stmt"/>
        </file>
        <file name="SignInForm.js" path="E:\workspace\vs_Code\MERN\Hospital\hospitalApplication\challenge\src\pages\SignInForm.js">
          <metrics statements="27" coveredstatements="12" conditionals="12" coveredconditionals="3" methods="6" coveredmethods="4"/>
          <line num="9" count="9" type="stmt"/>
          <line num="11" count="9" type="stmt"/>
          <line num="17" count="9" type="stmt"/>
          <line num="18" count="9" type="stmt"/>
          <line num="22" count="2" type="stmt"/>
          <line num="23" count="2" type="cond" truecount="1" falsecount="1"/>
          <line num="24" count="2" type="stmt"/>
          <line num="26" count="2" type="stmt"/>
          <line num="32" count="0" type="stmt"/>
          <line num="33" count="0" type="stmt"/>
          <line num="35" count="0" type="stmt"/>
          <line num="38" count="0" type="stmt"/>
          <line num="39" count="0" type="cond" truecount="0" falsecount="2"/>
          <line num="40" count="0" type="stmt"/>
          <line num="43" count="0" type="cond" truecount="0" falsecount="4"/>
          <line num="44" count="0" type="stmt"/>
          <line num="45" count="0" type="stmt"/>
          <line num="46" count="0" type="stmt"/>
          <line num="47" count="0" type="stmt"/>
          <line num="48" count="0" type="stmt"/>
          <line num="53" count="0" type="cond" truecount="0" falsecount="2"/>
          <line num="54" count="0" type="stmt"/>
          <line num="55" count="0" type="stmt"/>
          <line num="61" count="11" type="stmt"/>
          <line num="62" count="11" type="cond" truecount="2" falsecount="0"/>
          <line num="66" count="11" type="stmt"/>
          <line num="68" count="11" type="stmt"/>
        </file>
        <file name="SignUpForm.js" path="E:\workspace\vs_Code\MERN\Hospital\hospitalApplication\challenge\src\pages\SignUpForm.js">
          <metrics statements="18" coveredstatements="10" conditionals="10" coveredconditionals="1" methods="5" coveredmethods="3"/>
          <line num="11" count="24" type="stmt"/>
          <line num="13" count="24" type="stmt"/>
          <line num="22" count="24" type="stmt"/>
          <line num="23" count="24" type="stmt"/>
          <line num="28" count="6" type="stmt"/>
          <line num="29" count="6" type="cond" truecount="1" falsecount="1"/>
          <line num="30" count="6" type="stmt"/>
          <line num="31" count="6" type="stmt"/>
          <line num="33" count="6" type="stmt"/>
          <line num="40" count="0" type="stmt"/>
          <line num="41" count="0" type="cond" truecount="0" falsecount="2"/>
          <line num="42" count="0" type="stmt"/>
          <line num="50" count="0" type="stmt"/>
          <line num="51" count="0" type="stmt"/>
          <line num="52" count="0" type="stmt"/>
          <line num="64" count="0" type="stmt"/>
          <line num="66" count="0" type="stmt"/>
          <line num="78" count="30" type="stmt"/>
        </file>
        <file name="ViewAppointment.jsx" path="E:\workspace\vs_Code\MERN\Hospital\hospitalApplication\challenge\src\pages\ViewAppointment.jsx">
          <metrics statements="8" coveredstatements="6" conditionals="2" coveredconditionals="1" methods="3" coveredmethods="2"/>
          <line num="7" count="12" type="stmt"/>
          <line num="8" count="12" type="stmt"/>
          <line num="12" count="12" type="stmt"/>
          <line num="16" count="0" type="stmt"/>
          <line num="20" count="12" type="stmt"/>
          <line num="21" count="12" type="cond" truecount="1" falsecount="1"/>
          <line num="22" count="0" type="stmt"/>
          <line num="24" count="12" type="stmt"/>
        </file>
        <file name="ViewPatient.jsx" path="E:\workspace\vs_Code\MERN\Hospital\hospitalApplication\challenge\src\pages\ViewPatient.jsx">
          <metrics statements="8" coveredstatements="6" conditionals="2" coveredconditionals="1" methods="3" coveredmethods="2"/>
          <line num="6" count="12" type="stmt"/>
          <line num="7" count="12" type="stmt"/>
          <line num="11" count="12" type="stmt"/>
          <line num="15" count="0" type="stmt"/>
          <line num="19" count="12" type="stmt"/>
          <line num="20" count="12" type="cond" truecount="1" falsecount="1"/>
          <line num="21" count="0" type="stmt"/>
          <line num="23" count="12" type="stmt"/>
        </file>
        <file name="ViewProfile.jsx" path="E:\workspace\vs_Code\MERN\Hospital\hospitalApplication\challenge\src\pages\ViewProfile.jsx">
          <metrics statements="7" coveredstatements="5" conditionals="2" coveredconditionals="2" methods="3" coveredmethods="2"/>
          <line num="12" count="12" type="stmt"/>
          <line num="13" count="12" type="stmt"/>
          <line num="16" count="12" type="stmt"/>
          <line num="19" count="0" type="stmt"/>
          <line num="20" count="0" type="stmt"/>
          <line num="25" count="12" type="stmt"/>
          <line num="26" count="12" type="stmt"/>
        </file>
        <file name="data.js" path="E:\workspace\vs_Code\MERN\Hospital\hospitalApplication\challenge\src\pages\data.js">
          <metrics statements="50" coveredstatements="40" conditionals="18" coveredconditionals="8" methods="23" coveredmethods="13"/>
          <line num="2" count="12" type="stmt"/>
          <line num="6" count="12" type="stmt"/>
          <line num="10" count="12" type="stmt"/>
          <line num="11" count="12" type="stmt"/>
          <line num="14" count="12" type="stmt"/>
          <line num="15" count="3" type="cond" truecount="1" falsecount="1"/>
          <line num="17" count="3" type="stmt"/>
          <line num="25" count="3" type="stmt"/>
          <line num="31" count="12" type="stmt"/>
          <line num="33" count="0" type="stmt"/>
          <line num="44" count="12" type="stmt"/>
          <line num="46" count="2" type="stmt"/>
          <line num="49" count="12" type="stmt"/>
          <line num="51" count="0" type="stmt"/>
          <line num="54" count="12" type="stmt"/>
          <line num="55" count="18" type="cond" truecount="1" falsecount="1"/>
          <line num="61" count="12" type="stmt"/>
          <line num="62" count="12" type="cond" truecount="1" falsecount="1"/>
          <line num="66" count="12" type="stmt"/>
          <line num="67" count="0" type="stmt"/>
          <line num="71" count="12" type="stmt"/>
          <line num="72" count="4" type="cond" truecount="1" falsecount="1"/>
          <line num="73" count="4" type="stmt"/>
          <line num="83" count="12" type="stmt"/>
          <line num="85" count="0" type="stmt"/>
          <line num="95" count="12" type="stmt"/>
          <line num="97" count="3" type="stmt"/>
          <line num="100" count="12" type="stmt"/>
          <line num="101" count="0" type="stmt"/>
          <line num="102" count="0" type="stmt"/>
          <line num="106" count="12" type="stmt"/>
          <line num="107" count="66" type="cond" truecount="1" falsecount="1"/>
          <line num="110" count="12" type="stmt"/>
          <line num="111" count="0" type="cond" truecount="0" falsecount="2"/>
          <line num="114" count="12" type="stmt"/>
          <line num="115" count="0" type="stmt"/>
          <line num="118" count="12" type="stmt"/>
          <line num="120" count="1" type="cond" truecount="1" falsecount="1"/>
          <line num="121" count="1" type="stmt"/>
          <line num="132" count="12" type="stmt"/>
          <line num="134" count="9" type="cond" truecount="1" falsecount="1"/>
          <line num="137" count="12" type="stmt"/>
          <line num="138" count="12" type="cond" truecount="1" falsecount="1"/>
          <line num="139" count="0" type="stmt"/>
          <line num="141" count="12" type="stmt"/>
          <line num="144" count="12" type="stmt"/>
          <line num="145" count="0" type="stmt"/>
          <line num="148" count="12" type="stmt"/>
          <line num="150" count="12" type="stmt"/>
          <line num="152" count="12" type="stmt"/>
        </file>
      </package>
    </metrics>
  </project>
</coverage>
