{"E:\\workspace\\vs_Code\\MERN\\Hospital\\hospitalApplication\\challenge\\src\\App.js": {"path":"E:\\workspace\\vs_Code\\MERN\\Hospital\\hospitalApplication\\challenge\\src\\App.js","statementMap":{"0":{"start":{"line":19,"column":8},"end":{"line":37,"column":10}}},"fnMap":{"0":{"name":"(anonymous_0)","decl":{"start":{"line":18,"column":4},"end":{"line":18,"column":5}},"loc":{"start":{"line":18,"column":13},"end":{"line":38,"column":5}},"line":18}},"branchMap":{},"s":{"0":2},"f":{"0":2},"b":{},"_coverageSchema":"332fd63041d2c1bcb487cc26dd0d5f7d97098a6c","hash":"dbd74e987be3a6a440c45c60195726ab7823237c"}
,"E:\\workspace\\vs_Code\\MERN\\Hospital\\hospitalApplication\\challenge\\src\\index.js": {"path":"E:\\workspace\\vs_Code\\MERN\\Hospital\\hospitalApplication\\challenge\\src\\index.js","statementMap":{"0":{"start":{"line":1,"column":32},"end":{"line":1,"column":119}},"1":{"start":{"line":1,"column":133},"end":{"line":1,"column":149}},"2":{"start":{"line":1,"column":164},"end":{"line":1,"column":194}},"3":{"start":{"line":2,"column":16},"end":{"line":2,"column":36}},"4":{"start":{"line":2,"column":54},"end":{"line":2,"column":87}},"5":{"start":{"line":3,"column":0},"end":{"line":3,"column":23}},"6":{"start":{"line":4,"column":11},"end":{"line":4,"column":27}},"7":{"start":{"line":4,"column":40},"end":{"line":4,"column":68}},"8":{"start":{"line":4,"column":107},"end":{"line":4,"column":161}},"9":{"start":{"line":6,"column":0},"end":{"line":6,"column":181}}},"fnMap":{"0":{"name":"_interopRequireDefault","decl":{"start":{"line":4,"column":78},"end":{"line":4,"column":100}},"loc":{"start":{"line":4,"column":106},"end":{"line":4,"column":162}},"line":4}},"branchMap":{"0":{"loc":{"start":{"line":4,"column":114},"end":{"line":4,"column":160}},"type":"cond-expr","locations":[{"start":{"line":4,"column":138},"end":{"line":4,"column":141}},{"start":{"line":4,"column":144},"end":{"line":4,"column":160}}],"line":4},"1":{"loc":{"start":{"line":4,"column":114},"end":{"line":4,"column":135}},"type":"binary-expr","locations":[{"start":{"line":4,"column":114},"end":{"line":4,"column":117}},{"start":{"line":4,"column":121},"end":{"line":4,"column":135}}],"line":4}},"s":{"0":0,"1":0,"2":0,"3":0,"4":0,"5":0,"6":0,"7":0,"8":0,"9":0},"f":{"0":0},"b":{"0":[0,0],"1":[0,0]}}
,"E:\\workspace\\vs_Code\\MERN\\Hospital\\hospitalApplication\\challenge\\src\\components\\Button.jsx": {"path":"E:\\workspace\\vs_Code\\MERN\\Hospital\\hospitalApplication\\challenge\\src\\components\\Button.jsx","statementMap":{"0":{"start":{"line":3,"column":15},"end":{"line":7,"column":1}},"1":{"start":{"line":5,"column":4},"end":{"line":5,"column":124}}},"fnMap":{"0":{"name":"(anonymous_0)","decl":{"start":{"line":3,"column":15},"end":{"line":3,"column":16}},"loc":{"start":{"line":3,"column":24},"end":{"line":7,"column":1}},"line":3}},"branchMap":{},"s":{"0":12,"1":0},"f":{"0":0},"b":{},"_coverageSchema":"332fd63041d2c1bcb487cc26dd0d5f7d97098a6c","hash":"8a2d62b83d160fe18783ebbb07a4c15a7027d992"}
,"E:\\workspace\\vs_Code\\MERN\\Hospital\\hospitalApplication\\challenge\\src\\pages\\AddPatient.jsx": {"path":"E:\\workspace\\vs_Code\\MERN\\Hospital\\hospitalApplication\\challenge\\src\\pages\\AddPatient.jsx","statementMap":{"0":{"start":{"line":10,"column":4},"end":{"line":10,"column":17}},"1":{"start":{"line":12,"column":4},"end":{"line":18,"column":6}},"2":{"start":{"line":20,"column":4},"end":{"line":20,"column":53}},"3":{"start":{"line":21,"column":4},"end":{"line":21,"column":53}},"4":{"start":{"line":22,"column":4},"end":{"line":22,"column":53}},"5":{"start":{"line":26,"column":17},"end":{"line":26,"column":25}},"6":{"start":{"line":27,"column":16},"end":{"line":27,"column":74}},"7":{"start":{"line":28,"column":15},"end":{"line":28,"column":26}},"8":{"start":{"line":30,"column":4},"end":{"line":32,"column":7}},"9":{"start":{"line":36,"column":4},"end":{"line":47,"column":5}},"10":{"start":{"line":38,"column":6},"end":{"line":38,"column":42}},"11":{"start":{"line":39,"column":6},"end":{"line":45,"column":8}},"12":{"start":{"line":46,"column":6},"end":{"line":46,"column":46}},"13":{"start":{"line":50,"column":4},"end":{"line":50,"column":23}},"14":{"start":{"line":51,"column":4},"end":{"line":51,"column":44}},"15":{"start":{"line":54,"column":51},"end":{"line":54,"column":61}},"16":{"start":{"line":55,"column":4},"end":{"line":61,"column":6}},"17":{"start":{"line":65,"column":22},"end":{"line":65,"column":43}},"18":{"start":{"line":66,"column":17},"end":{"line":66,"column":32}},"19":{"start":{"line":67,"column":15},"end":{"line":67,"column":25}},"20":{"start":{"line":68,"column":4},"end":{"line":119,"column":6}}},"fnMap":{"0":{"name":"(anonymous_0)","decl":{"start":{"line":9,"column":2},"end":{"line":9,"column":3}},"loc":{"start":{"line":9,"column":21},"end":{"line":23,"column":3}},"line":9},"1":{"name":"(anonymous_1)","decl":{"start":{"line":25,"column":2},"end":{"line":25,"column":3}},"loc":{"start":{"line":25,"column":18},"end":{"line":33,"column":3}},"line":25},"2":{"name":"(anonymous_2)","decl":{"start":{"line":35,"column":2},"end":{"line":35,"column":3}},"loc":{"start":{"line":35,"column":18},"end":{"line":48,"column":3}},"line":35},"3":{"name":"(anonymous_3)","decl":{"start":{"line":49,"column":2},"end":{"line":49,"column":3}},"loc":{"start":{"line":49,"column":18},"end":{"line":52,"column":3}},"line":49},"4":{"name":"(anonymous_4)","decl":{"start":{"line":53,"column":2},"end":{"line":53,"column":3}},"loc":{"start":{"line":53,"column":19},"end":{"line":62,"column":3}},"line":53},"5":{"name":"(anonymous_5)","decl":{"start":{"line":64,"column":2},"end":{"line":64,"column":3}},"loc":{"start":{"line":64,"column":11},"end":{"line":120,"column":3}},"line":64}},"branchMap":{"0":{"loc":{"start":{"line":27,"column":16},"end":{"line":27,"column":74}},"type":"cond-expr","locations":[{"start":{"line":27,"column":45},"end":{"line":27,"column":59}},{"start":{"line":27,"column":62},"end":{"line":27,"column":74}}],"line":27},"1":{"loc":{"start":{"line":36,"column":4},"end":{"line":47,"column":5}},"type":"if","locations":[{"start":{"line":36,"column":4},"end":{"line":47,"column":5}},{"start":{"line":36,"column":4},"end":{"line":47,"column":5}}],"line":36},"2":{"loc":{"start":{"line":56,"column":6},"end":{"line":60,"column":23}},"type":"binary-expr","locations":[{"start":{"line":56,"column":6},"end":{"line":56,"column":21}},{"start":{"line":57,"column":6},"end":{"line":57,"column":22}},{"start":{"line":58,"column":6},"end":{"line":58,"column":20}},{"start":{"line":59,"column":6},"end":{"line":59,"column":25}},{"start":{"line":60,"column":6},"end":{"line":60,"column":23}}],"line":56}},"s":{"0":19,"1":19,"2":19,"3":19,"4":19,"5":5,"6":5,"7":5,"8":5,"9":1,"10":1,"11":1,"12":1,"13":0,"14":0,"15":27,"16":27,"17":26,"18":26,"19":26,"20":26},"f":{"0":19,"1":5,"2":1,"3":0,"4":27,"5":26},"b":{"0":[0,5],"1":[1,0],"2":[27,3,2,2,2]},"_coverageSchema":"332fd63041d2c1bcb487cc26dd0d5f7d97098a6c","hash":"927b524822e6f27639974978bc86871163bde9a4"}
,"E:\\workspace\\vs_Code\\MERN\\Hospital\\hospitalApplication\\challenge\\src\\pages\\AllAppointments.jsx": {"path":"E:\\workspace\\vs_Code\\MERN\\Hospital\\hospitalApplication\\challenge\\src\\pages\\AllAppointments.jsx","statementMap":{"0":{"start":{"line":9,"column":4},"end":{"line":9,"column":12}},"1":{"start":{"line":10,"column":4},"end":{"line":13,"column":6}},"2":{"start":{"line":14,"column":4},"end":{"line":14,"column":49}},"3":{"start":{"line":15,"column":4},"end":{"line":15,"column":49}},"4":{"start":{"line":16,"column":4},"end":{"line":16,"column":53}},"5":{"start":{"line":20,"column":4},"end":{"line":20,"column":57}},"6":{"start":{"line":24,"column":4},"end":{"line":24,"column":57}},"7":{"start":{"line":27,"column":4},"end":{"line":27,"column":44}},"8":{"start":{"line":28,"column":4},"end":{"line":29,"column":7}},"9":{"start":{"line":33,"column":4},"end":{"line":34,"column":44}},"10":{"start":{"line":34,"column":6},"end":{"line":34,"column":44}},"11":{"start":{"line":37,"column":31},"end":{"line":37,"column":41}},"12":{"start":{"line":39,"column":4},"end":{"line":76,"column":6}},"13":{"start":{"line":65,"column":15},"end":{"line":70,"column":22}}},"fnMap":{"0":{"name":"(anonymous_0)","decl":{"start":{"line":8,"column":2},"end":{"line":8,"column":3}},"loc":{"start":{"line":8,"column":16},"end":{"line":17,"column":3}},"line":8},"1":{"name":"(anonymous_1)","decl":{"start":{"line":18,"column":2},"end":{"line":18,"column":3}},"loc":{"start":{"line":18,"column":20},"end":{"line":21,"column":3}},"line":18},"2":{"name":"(anonymous_2)","decl":{"start":{"line":22,"column":2},"end":{"line":22,"column":3}},"loc":{"start":{"line":22,"column":20},"end":{"line":25,"column":3}},"line":22},"3":{"name":"(anonymous_3)","decl":{"start":{"line":26,"column":2},"end":{"line":26,"column":3}},"loc":{"start":{"line":26,"column":21},"end":{"line":31,"column":3}},"line":26},"4":{"name":"(anonymous_4)","decl":{"start":{"line":32,"column":2},"end":{"line":32,"column":3}},"loc":{"start":{"line":32,"column":13},"end":{"line":35,"column":3}},"line":32},"5":{"name":"(anonymous_5)","decl":{"start":{"line":36,"column":2},"end":{"line":36,"column":3}},"loc":{"start":{"line":36,"column":11},"end":{"line":77,"column":3}},"line":36},"6":{"name":"(anonymous_6)","decl":{"start":{"line":63,"column":36},"end":{"line":63,"column":37}},"loc":{"start":{"line":65,"column":15},"end":{"line":70,"column":22}},"line":65}},"branchMap":{"0":{"loc":{"start":{"line":33,"column":4},"end":{"line":34,"column":44}},"type":"if","locations":[{"start":{"line":33,"column":4},"end":{"line":34,"column":44}},{"start":{"line":33,"column":4},"end":{"line":34,"column":44}}],"line":33},"1":{"loc":{"start":{"line":44,"column":11},"end":{"line":73,"column":11}},"type":"cond-expr","locations":[{"start":{"line":45,"column":12},"end":{"line":47,"column":17}},{"start":{"line":49,"column":12},"end":{"line":72,"column":18}}],"line":44}},"s":{"0":1,"1":1,"2":1,"3":1,"4":1,"5":0,"6":0,"7":0,"8":0,"9":0,"10":0,"11":3,"12":3,"13":0},"f":{"0":1,"1":0,"2":0,"3":0,"4":0,"5":3,"6":0},"b":{"0":[0,0],"1":[3,0]},"_coverageSchema":"332fd63041d2c1bcb487cc26dd0d5f7d97098a6c","hash":"551e4f5a266d7210b87b71847266f1164a52172c"}
,"E:\\workspace\\vs_Code\\MERN\\Hospital\\hospitalApplication\\challenge\\src\\pages\\AllPatients.jsx": {"path":"E:\\workspace\\vs_Code\\MERN\\Hospital\\hospitalApplication\\challenge\\src\\pages\\AllPatients.jsx","statementMap":{"0":{"start":{"line":7,"column":4},"end":{"line":7,"column":17}},"1":{"start":{"line":8,"column":4},"end":{"line":11,"column":6}},"2":{"start":{"line":12,"column":4},"end":{"line":12,"column":49}},"3":{"start":{"line":13,"column":4},"end":{"line":13,"column":49}},"4":{"start":{"line":14,"column":4},"end":{"line":14,"column":53}},"5":{"start":{"line":18,"column":4},"end":{"line":18,"column":50}},"6":{"start":{"line":22,"column":4},"end":{"line":22,"column":50}},"7":{"start":{"line":26,"column":4},"end":{"line":26,"column":40}},"8":{"start":{"line":27,"column":4},"end":{"line":29,"column":6}},"9":{"start":{"line":33,"column":27},"end":{"line":33,"column":37}},"10":{"start":{"line":35,"column":4},"end":{"line":56,"column":6}},"11":{"start":{"line":46,"column":14},"end":{"line":50,"column":21}}},"fnMap":{"0":{"name":"(anonymous_0)","decl":{"start":{"line":6,"column":2},"end":{"line":6,"column":3}},"loc":{"start":{"line":6,"column":21},"end":{"line":15,"column":3}},"line":6},"1":{"name":"(anonymous_1)","decl":{"start":{"line":16,"column":2},"end":{"line":16,"column":3}},"loc":{"start":{"line":16,"column":17},"end":{"line":19,"column":3}},"line":16},"2":{"name":"(anonymous_2)","decl":{"start":{"line":20,"column":2},"end":{"line":20,"column":3}},"loc":{"start":{"line":20,"column":17},"end":{"line":23,"column":3}},"line":20},"3":{"name":"(anonymous_3)","decl":{"start":{"line":24,"column":2},"end":{"line":24,"column":3}},"loc":{"start":{"line":24,"column":18},"end":{"line":30,"column":3}},"line":24},"4":{"name":"(anonymous_4)","decl":{"start":{"line":32,"column":2},"end":{"line":32,"column":3}},"loc":{"start":{"line":32,"column":11},"end":{"line":57,"column":3}},"line":32},"5":{"name":"(anonymous_5)","decl":{"start":{"line":45,"column":50},"end":{"line":45,"column":51}},"loc":{"start":{"line":45,"column":59},"end":{"line":51,"column":13}},"line":45}},"branchMap":{"0":{"loc":{"start":{"line":39,"column":11},"end":{"line":53,"column":11}},"type":"cond-expr","locations":[{"start":{"line":40,"column":12},"end":{"line":42,"column":17}},{"start":{"line":45,"column":22},"end":{"line":51,"column":14}}],"line":39}},"s":{"0":0,"1":0,"2":0,"3":0,"4":0,"5":0,"6":0,"7":0,"8":0,"9":0,"10":0,"11":0},"f":{"0":0,"1":0,"2":0,"3":0,"4":0,"5":0},"b":{"0":[0,0]},"_coverageSchema":"332fd63041d2c1bcb487cc26dd0d5f7d97098a6c","hash":"88acb3f621d4baa27f4976785dad71e66768619c"}
,"E:\\workspace\\vs_Code\\MERN\\Hospital\\hospitalApplication\\challenge\\src\\pages\\BookAppointment.jsx": {"path":"E:\\workspace\\vs_Code\\MERN\\Hospital\\hospitalApplication\\challenge\\src\\pages\\BookAppointment.jsx","statementMap":{"0":{"start":{"line":10,"column":4},"end":{"line":10,"column":12}},"1":{"start":{"line":11,"column":4},"end":{"line":17,"column":6}},"2":{"start":{"line":18,"column":4},"end":{"line":18,"column":53}},"3":{"start":{"line":19,"column":4},"end":{"line":19,"column":53}},"4":{"start":{"line":20,"column":4},"end":{"line":20,"column":53}},"5":{"start":{"line":21,"column":4},"end":{"line":21,"column":69}},"6":{"start":{"line":22,"column":4},"end":{"line":22,"column":77}},"7":{"start":{"line":26,"column":17},"end":{"line":26,"column":25}},"8":{"start":{"line":27,"column":16},"end":{"line":27,"column":74}},"9":{"start":{"line":28,"column":15},"end":{"line":28,"column":26}},"10":{"start":{"line":30,"column":4},"end":{"line":32,"column":7}},"11":{"start":{"line":36,"column":4},"end":{"line":37,"column":48}},"12":{"start":{"line":37,"column":6},"end":{"line":37,"column":48}},"13":{"start":{"line":38,"column":4},"end":{"line":38,"column":44}},"14":{"start":{"line":42,"column":4},"end":{"line":42,"column":44}},"15":{"start":{"line":46,"column":4},"end":{"line":66,"column":4}},"16":{"start":{"line":47,"column":6},"end":{"line":47,"column":25}},"17":{"start":{"line":49,"column":17},"end":{"line":49,"column":33}},"18":{"start":{"line":50,"column":6},"end":{"line":65,"column":5}},"19":{"start":{"line":52,"column":8},"end":{"line":52,"column":66}},"20":{"start":{"line":56,"column":6},"end":{"line":56,"column":47}},"21":{"start":{"line":57,"column":6},"end":{"line":63,"column":8}},"22":{"start":{"line":64,"column":6},"end":{"line":64,"column":50}},"23":{"start":{"line":69,"column":4},"end":{"line":69,"column":48}},"24":{"start":{"line":73,"column":58},"end":{"line":73,"column":68}},"25":{"start":{"line":74,"column":4},"end":{"line":79,"column":6}},"26":{"start":{"line":82,"column":18},"end":{"line":82,"column":46}},"27":{"start":{"line":84,"column":22},"end":{"line":84,"column":43}},"28":{"start":{"line":85,"column":15},"end":{"line":85,"column":25}},"29":{"start":{"line":87,"column":4},"end":{"line":156,"column":6}},"30":{"start":{"line":121,"column":73},"end":{"line":121,"column":91}}},"fnMap":{"0":{"name":"(anonymous_0)","decl":{"start":{"line":9,"column":2},"end":{"line":9,"column":3}},"loc":{"start":{"line":9,"column":16},"end":{"line":23,"column":3}},"line":9},"1":{"name":"(anonymous_1)","decl":{"start":{"line":25,"column":2},"end":{"line":25,"column":3}},"loc":{"start":{"line":25,"column":18},"end":{"line":33,"column":3}},"line":25},"2":{"name":"(anonymous_2)","decl":{"start":{"line":34,"column":2},"end":{"line":34,"column":3}},"loc":{"start":{"line":34,"column":26},"end":{"line":39,"column":3}},"line":34},"3":{"name":"(anonymous_3)","decl":{"start":{"line":40,"column":2},"end":{"line":40,"column":3}},"loc":{"start":{"line":40,"column":30},"end":{"line":43,"column":3}},"line":40},"4":{"name":"(anonymous_4)","decl":{"start":{"line":45,"column":2},"end":{"line":45,"column":3}},"loc":{"start":{"line":45,"column":18},"end":{"line":67,"column":3}},"line":45},"5":{"name":"(anonymous_5)","decl":{"start":{"line":68,"column":2},"end":{"line":68,"column":3}},"loc":{"start":{"line":68,"column":18},"end":{"line":70,"column":3}},"line":68},"6":{"name":"(anonymous_6)","decl":{"start":{"line":72,"column":2},"end":{"line":72,"column":3}},"loc":{"start":{"line":72,"column":19},"end":{"line":80,"column":3}},"line":72},"7":{"name":"(anonymous_7)","decl":{"start":{"line":81,"column":2},"end":{"line":81,"column":3}},"loc":{"start":{"line":81,"column":11},"end":{"line":157,"column":3}},"line":81},"8":{"name":"(anonymous_8)","decl":{"start":{"line":121,"column":63},"end":{"line":121,"column":64}},"loc":{"start":{"line":121,"column":73},"end":{"line":121,"column":91}},"line":121}},"branchMap":{"0":{"loc":{"start":{"line":27,"column":16},"end":{"line":27,"column":74}},"type":"cond-expr","locations":[{"start":{"line":27,"column":45},"end":{"line":27,"column":59}},{"start":{"line":27,"column":62},"end":{"line":27,"column":74}}],"line":27},"1":{"loc":{"start":{"line":36,"column":4},"end":{"line":37,"column":48}},"type":"if","locations":[{"start":{"line":36,"column":4},"end":{"line":37,"column":48}},{"start":{"line":36,"column":4},"end":{"line":37,"column":48}}],"line":36},"2":{"loc":{"start":{"line":46,"column":4},"end":{"line":66,"column":4}},"type":"if","locations":[{"start":{"line":46,"column":4},"end":{"line":66,"column":4}},{"start":{"line":46,"column":4},"end":{"line":66,"column":4}}],"line":46},"3":{"loc":{"start":{"line":50,"column":6},"end":{"line":65,"column":5}},"type":"if","locations":[{"start":{"line":50,"column":6},"end":{"line":65,"column":5}},{"start":{"line":50,"column":6},"end":{"line":65,"column":5}}],"line":50},"4":{"loc":{"start":{"line":50,"column":9},"end":{"line":50,"column":52}},"type":"binary-expr","locations":[{"start":{"line":50,"column":9},"end":{"line":50,"column":23}},{"start":{"line":50,"column":27},"end":{"line":50,"column":52}}],"line":50},"5":{"loc":{"start":{"line":75,"column":7},"end":{"line":78,"column":28}},"type":"binary-expr","locations":[{"start":{"line":75,"column":7},"end":{"line":75,"column":22}},{"start":{"line":76,"column":6},"end":{"line":76,"column":24}},{"start":{"line":77,"column":6},"end":{"line":77,"column":24}},{"start":{"line":78,"column":6},"end":{"line":78,"column":28}}],"line":75}},"s":{"0":0,"1":0,"2":0,"3":0,"4":0,"5":0,"6":0,"7":0,"8":0,"9":0,"10":0,"11":0,"12":0,"13":0,"14":0,"15":0,"16":0,"17":0,"18":0,"19":0,"20":0,"21":0,"22":0,"23":0,"24":0,"25":0,"26":0,"27":0,"28":0,"29":0,"30":0},"f":{"0":0,"1":0,"2":0,"3":0,"4":0,"5":0,"6":0,"7":0,"8":0},"b":{"0":[0,0],"1":[0,0],"2":[0,0],"3":[0,0],"4":[0,0],"5":[0,0,0,0]},"_coverageSchema":"332fd63041d2c1bcb487cc26dd0d5f7d97098a6c","hash":"4fd8287382a37fd02df4e193053811c82b0ac4a5"}
,"E:\\workspace\\vs_Code\\MERN\\Hospital\\hospitalApplication\\challenge\\src\\pages\\EditAppointment.jsx": {"path":"E:\\workspace\\vs_Code\\MERN\\Hospital\\hospitalApplication\\challenge\\src\\pages\\EditAppointment.jsx","statementMap":{"0":{"start":{"line":10,"column":4},"end":{"line":10,"column":17}},"1":{"start":{"line":11,"column":25},"end":{"line":11,"column":100}},"2":{"start":{"line":12,"column":4},"end":{"line":19,"column":6}},"3":{"start":{"line":21,"column":4},"end":{"line":21,"column":53}},"4":{"start":{"line":22,"column":4},"end":{"line":22,"column":53}},"5":{"start":{"line":23,"column":4},"end":{"line":23,"column":53}},"6":{"start":{"line":27,"column":4},"end":{"line":32,"column":32}},"7":{"start":{"line":33,"column":6},"end":{"line":45,"column":5}},"8":{"start":{"line":34,"column":6},"end":{"line":34,"column":25}},"9":{"start":{"line":36,"column":6},"end":{"line":43,"column":10}},"10":{"start":{"line":44,"column":6},"end":{"line":44,"column":50}},"11":{"start":{"line":49,"column":58},"end":{"line":49,"column":68}},"12":{"start":{"line":50,"column":4},"end":{"line":56,"column":6}},"13":{"start":{"line":59,"column":4},"end":{"line":59,"column":48}},"14":{"start":{"line":62,"column":17},"end":{"line":62,"column":25}},"15":{"start":{"line":63,"column":16},"end":{"line":63,"column":74}},"16":{"start":{"line":64,"column":15},"end":{"line":64,"column":26}},"17":{"start":{"line":66,"column":4},"end":{"line":68,"column":7}},"18":{"start":{"line":74,"column":26},"end":{"line":74,"column":36}},"19":{"start":{"line":76,"column":4},"end":{"line":78,"column":5}},"20":{"start":{"line":77,"column":4},"end":{"line":77,"column":44}},"21":{"start":{"line":79,"column":4},"end":{"line":127,"column":6}}},"fnMap":{"0":{"name":"(anonymous_0)","decl":{"start":{"line":9,"column":2},"end":{"line":9,"column":3}},"loc":{"start":{"line":9,"column":21},"end":{"line":24,"column":3}},"line":9},"1":{"name":"(anonymous_1)","decl":{"start":{"line":25,"column":2},"end":{"line":25,"column":3}},"loc":{"start":{"line":25,"column":18},"end":{"line":46,"column":3}},"line":25},"2":{"name":"(anonymous_2)","decl":{"start":{"line":48,"column":2},"end":{"line":48,"column":3}},"loc":{"start":{"line":48,"column":19},"end":{"line":57,"column":3}},"line":48},"3":{"name":"(anonymous_3)","decl":{"start":{"line":58,"column":2},"end":{"line":58,"column":3}},"loc":{"start":{"line":58,"column":18},"end":{"line":60,"column":3}},"line":58},"4":{"name":"(anonymous_4)","decl":{"start":{"line":61,"column":2},"end":{"line":61,"column":3}},"loc":{"start":{"line":61,"column":18},"end":{"line":69,"column":3}},"line":61},"5":{"name":"(anonymous_5)","decl":{"start":{"line":73,"column":2},"end":{"line":73,"column":3}},"loc":{"start":{"line":73,"column":11},"end":{"line":128,"column":3}},"line":73}},"branchMap":{"0":{"loc":{"start":{"line":11,"column":25},"end":{"line":11,"column":100}},"type":"binary-expr","locations":[{"start":{"line":11,"column":25},"end":{"line":11,"column":87}},{"start":{"line":11,"column":91},"end":{"line":11,"column":100}}],"line":11},"1":{"loc":{"start":{"line":13,"column":12},"end":{"line":13,"column":33}},"type":"binary-expr","locations":[{"start":{"line":13,"column":12},"end":{"line":13,"column":28}},{"start":{"line":13,"column":31},"end":{"line":13,"column":33}}],"line":13},"2":{"loc":{"start":{"line":14,"column":15},"end":{"line":14,"column":38}},"type":"binary-expr","locations":[{"start":{"line":14,"column":15},"end":{"line":14,"column":34}},{"start":{"line":14,"column":36},"end":{"line":14,"column":38}}],"line":14},"3":{"loc":{"start":{"line":15,"column":15},"end":{"line":15,"column":40}},"type":"binary-expr","locations":[{"start":{"line":15,"column":15},"end":{"line":15,"column":34}},{"start":{"line":15,"column":38},"end":{"line":15,"column":40}}],"line":15},"4":{"loc":{"start":{"line":16,"column":12},"end":{"line":16,"column":34}},"type":"binary-expr","locations":[{"start":{"line":16,"column":12},"end":{"line":16,"column":28}},{"start":{"line":16,"column":32},"end":{"line":16,"column":34}}],"line":16},"5":{"loc":{"start":{"line":17,"column":19},"end":{"line":17,"column":48}},"type":"binary-expr","locations":[{"start":{"line":17,"column":19},"end":{"line":17,"column":42}},{"start":{"line":17,"column":46},"end":{"line":17,"column":48}}],"line":17},"6":{"loc":{"start":{"line":33,"column":6},"end":{"line":45,"column":5}},"type":"if","locations":[{"start":{"line":33,"column":6},"end":{"line":45,"column":5}},{"start":{"line":33,"column":6},"end":{"line":45,"column":5}}],"line":33},"7":{"loc":{"start":{"line":51,"column":6},"end":{"line":55,"column":28}},"type":"binary-expr","locations":[{"start":{"line":51,"column":6},"end":{"line":51,"column":21}},{"start":{"line":52,"column":6},"end":{"line":52,"column":24}},{"start":{"line":53,"column":6},"end":{"line":53,"column":24}},{"start":{"line":54,"column":6},"end":{"line":54,"column":21}},{"start":{"line":55,"column":6},"end":{"line":55,"column":28}}],"line":51},"8":{"loc":{"start":{"line":63,"column":16},"end":{"line":63,"column":74}},"type":"cond-expr","locations":[{"start":{"line":63,"column":45},"end":{"line":63,"column":59}},{"start":{"line":63,"column":62},"end":{"line":63,"column":74}}],"line":63},"9":{"loc":{"start":{"line":76,"column":4},"end":{"line":78,"column":5}},"type":"if","locations":[{"start":{"line":76,"column":4},"end":{"line":78,"column":5}},{"start":{"line":76,"column":4},"end":{"line":78,"column":5}}],"line":76}},"s":{"0":54,"1":54,"2":54,"3":54,"4":54,"5":54,"6":0,"7":0,"8":0,"9":0,"10":0,"11":0,"12":0,"13":0,"14":15,"15":15,"16":15,"17":15,"18":69,"19":69,"20":0,"21":69},"f":{"0":54,"1":0,"2":0,"3":0,"4":15,"5":69},"b":{"0":[54,0],"1":[54,0],"2":[54,0],"3":[54,0],"4":[54,0],"5":[54,0],"6":[0,0],"7":[0,0,0,0,0],"8":[0,15],"9":[0,69]},"_coverageSchema":"332fd63041d2c1bcb487cc26dd0d5f7d97098a6c","hash":"b3bb31f96f49ce044ba41493caba6aeb0a40f753"}
,"E:\\workspace\\vs_Code\\MERN\\Hospital\\hospitalApplication\\challenge\\src\\pages\\EditPatient.jsx": {"path":"E:\\workspace\\vs_Code\\MERN\\Hospital\\hospitalApplication\\challenge\\src\\pages\\EditPatient.jsx","statementMap":{"0":{"start":{"line":9,"column":4},"end":{"line":9,"column":17}},"1":{"start":{"line":10,"column":22},"end":{"line":10,"column":94}},"2":{"start":{"line":11,"column":4},"end":{"line":18,"column":6}},"3":{"start":{"line":19,"column":4},"end":{"line":19,"column":53}},"4":{"start":{"line":20,"column":4},"end":{"line":20,"column":53}},"5":{"start":{"line":21,"column":4},"end":{"line":21,"column":53}},"6":{"start":{"line":25,"column":4},"end":{"line":39,"column":5}},"7":{"start":{"line":27,"column":6},"end":{"line":27,"column":25}},"8":{"start":{"line":29,"column":6},"end":{"line":36,"column":8}},"9":{"start":{"line":38,"column":6},"end":{"line":38,"column":46}},"10":{"start":{"line":42,"column":51},"end":{"line":42,"column":61}},"11":{"start":{"line":43,"column":4},"end":{"line":49,"column":6}},"12":{"start":{"line":53,"column":4},"end":{"line":53,"column":44}},"13":{"start":{"line":56,"column":17},"end":{"line":56,"column":25}},"14":{"start":{"line":57,"column":16},"end":{"line":57,"column":74}},"15":{"start":{"line":58,"column":15},"end":{"line":58,"column":26}},"16":{"start":{"line":60,"column":4},"end":{"line":62,"column":7}},"17":{"start":{"line":65,"column":24},"end":{"line":65,"column":34}},"18":{"start":{"line":66,"column":4},"end":{"line":68,"column":5}},"19":{"start":{"line":67,"column":6},"end":{"line":67,"column":47}},"20":{"start":{"line":71,"column":4},"end":{"line":124,"column":6}}},"fnMap":{"0":{"name":"(anonymous_0)","decl":{"start":{"line":8,"column":2},"end":{"line":8,"column":3}},"loc":{"start":{"line":8,"column":21},"end":{"line":22,"column":3}},"line":8},"1":{"name":"(anonymous_1)","decl":{"start":{"line":23,"column":4},"end":{"line":23,"column":5}},"loc":{"start":{"line":23,"column":20},"end":{"line":40,"column":3}},"line":23},"2":{"name":"(anonymous_2)","decl":{"start":{"line":41,"column":2},"end":{"line":41,"column":3}},"loc":{"start":{"line":41,"column":19},"end":{"line":50,"column":3}},"line":41},"3":{"name":"(anonymous_3)","decl":{"start":{"line":51,"column":2},"end":{"line":51,"column":3}},"loc":{"start":{"line":51,"column":18},"end":{"line":54,"column":3}},"line":51},"4":{"name":"(anonymous_4)","decl":{"start":{"line":55,"column":2},"end":{"line":55,"column":3}},"loc":{"start":{"line":55,"column":18},"end":{"line":63,"column":3}},"line":55},"5":{"name":"(anonymous_5)","decl":{"start":{"line":64,"column":2},"end":{"line":64,"column":3}},"loc":{"start":{"line":64,"column":11},"end":{"line":125,"column":3}},"line":64}},"branchMap":{"0":{"loc":{"start":{"line":10,"column":22},"end":{"line":10,"column":94}},"type":"binary-expr","locations":[{"start":{"line":10,"column":22},"end":{"line":10,"column":81}},{"start":{"line":10,"column":85},"end":{"line":10,"column":94}}],"line":10},"1":{"loc":{"start":{"line":12,"column":12},"end":{"line":12,"column":30}},"type":"binary-expr","locations":[{"start":{"line":12,"column":12},"end":{"line":12,"column":24}},{"start":{"line":12,"column":28},"end":{"line":12,"column":30}}],"line":12},"2":{"loc":{"start":{"line":13,"column":13},"end":{"line":13,"column":32}},"type":"binary-expr","locations":[{"start":{"line":13,"column":13},"end":{"line":13,"column":26}},{"start":{"line":13,"column":30},"end":{"line":13,"column":32}}],"line":13},"3":{"loc":{"start":{"line":14,"column":11},"end":{"line":14,"column":28}},"type":"binary-expr","locations":[{"start":{"line":14,"column":11},"end":{"line":14,"column":22}},{"start":{"line":14,"column":26},"end":{"line":14,"column":28}}],"line":14},"4":{"loc":{"start":{"line":15,"column":16},"end":{"line":15,"column":38}},"type":"binary-expr","locations":[{"start":{"line":15,"column":16},"end":{"line":15,"column":32}},{"start":{"line":15,"column":36},"end":{"line":15,"column":38}}],"line":15},"5":{"loc":{"start":{"line":16,"column":14},"end":{"line":16,"column":34}},"type":"binary-expr","locations":[{"start":{"line":16,"column":14},"end":{"line":16,"column":28}},{"start":{"line":16,"column":32},"end":{"line":16,"column":34}}],"line":16},"6":{"loc":{"start":{"line":25,"column":4},"end":{"line":39,"column":5}},"type":"if","locations":[{"start":{"line":25,"column":4},"end":{"line":39,"column":5}},{"start":{"line":25,"column":4},"end":{"line":39,"column":5}}],"line":25},"7":{"loc":{"start":{"line":44,"column":6},"end":{"line":48,"column":23}},"type":"binary-expr","locations":[{"start":{"line":44,"column":6},"end":{"line":44,"column":21}},{"start":{"line":45,"column":6},"end":{"line":45,"column":22}},{"start":{"line":46,"column":6},"end":{"line":46,"column":20}},{"start":{"line":47,"column":6},"end":{"line":47,"column":25}},{"start":{"line":48,"column":6},"end":{"line":48,"column":23}}],"line":44},"8":{"loc":{"start":{"line":57,"column":16},"end":{"line":57,"column":74}},"type":"cond-expr","locations":[{"start":{"line":57,"column":45},"end":{"line":57,"column":59}},{"start":{"line":57,"column":62},"end":{"line":57,"column":74}}],"line":57},"9":{"loc":{"start":{"line":66,"column":4},"end":{"line":68,"column":5}},"type":"if","locations":[{"start":{"line":66,"column":4},"end":{"line":68,"column":5}},{"start":{"line":66,"column":4},"end":{"line":68,"column":5}}],"line":66}},"s":{"0":18,"1":18,"2":18,"3":18,"4":18,"5":18,"6":0,"7":0,"8":0,"9":0,"10":0,"11":0,"12":0,"13":5,"14":5,"15":5,"16":5,"17":23,"18":23,"19":0,"20":23},"f":{"0":18,"1":0,"2":0,"3":0,"4":5,"5":23},"b":{"0":[18,0],"1":[18,0],"2":[18,0],"3":[18,0],"4":[18,0],"5":[18,0],"6":[0,0],"7":[0,0,0,0,0],"8":[0,5],"9":[0,23]},"_coverageSchema":"332fd63041d2c1bcb487cc26dd0d5f7d97098a6c","hash":"52a8515074fadbf0416abea01295f11fe3621217"}
,"E:\\workspace\\vs_Code\\MERN\\Hospital\\hospitalApplication\\challenge\\src\\pages\\NavBar.jsx": {"path":"E:\\workspace\\vs_Code\\MERN\\Hospital\\hospitalApplication\\challenge\\src\\pages\\NavBar.jsx","statementMap":{"0":{"start":{"line":19,"column":16},"end":{"line":37,"column":1}},"1":{"start":{"line":20,"column":30},"end":{"line":20,"column":45}},"2":{"start":{"line":22,"column":17},"end":{"line":22,"column":41}},"3":{"start":{"line":22,"column":23},"end":{"line":22,"column":41}},"4":{"start":{"line":24,"column":2},"end":{"line":36,"column":4}}},"fnMap":{"0":{"name":"(anonymous_0)","decl":{"start":{"line":19,"column":16},"end":{"line":19,"column":17}},"loc":{"start":{"line":19,"column":25},"end":{"line":37,"column":1}},"line":19},"1":{"name":"(anonymous_1)","decl":{"start":{"line":22,"column":17},"end":{"line":22,"column":18}},"loc":{"start":{"line":22,"column":23},"end":{"line":22,"column":41}},"line":22}},"branchMap":{},"s":{"0":13,"1":4,"2":4,"3":0,"4":4},"f":{"0":4,"1":0},"b":{},"_coverageSchema":"332fd63041d2c1bcb487cc26dd0d5f7d97098a6c","hash":"ff429b94f8e5ec8a22f9335dd8f65285c5420461"}
,"E:\\workspace\\vs_Code\\MERN\\Hospital\\hospitalApplication\\challenge\\src\\pages\\SignInForm.js": {"path":"E:\\workspace\\vs_Code\\MERN\\Hospital\\hospitalApplication\\challenge\\src\\pages\\SignInForm.js","statementMap":{"0":{"start":{"line":9,"column":8},"end":{"line":9,"column":16}},"1":{"start":{"line":11,"column":8},"end":{"line":15,"column":10}},"2":{"start":{"line":17,"column":8},"end":{"line":17,"column":57}},"3":{"start":{"line":18,"column":8},"end":{"line":18,"column":57}},"4":{"start":{"line":22,"column":21},"end":{"line":22,"column":29}},"5":{"start":{"line":23,"column":20},"end":{"line":23,"column":78}},"6":{"start":{"line":24,"column":19},"end":{"line":24,"column":30}},"7":{"start":{"line":26,"column":8},"end":{"line":28,"column":11}},"8":{"start":{"line":32,"column":8},"end":{"line":32,"column":27}},"9":{"start":{"line":33,"column":8},"end":{"line":33,"column":28}},"10":{"start":{"line":35,"column":33},"end":{"line":35,"column":43}},"11":{"start":{"line":38,"column":31},"end":{"line":38,"column":36}},"12":{"start":{"line":39,"column":8},"end":{"line":57,"column":9}},"13":{"start":{"line":40,"column":12},"end":{"line":52,"column":14}},"14":{"start":{"line":43,"column":16},"end":{"line":49,"column":17}},"15":{"start":{"line":44,"column":38},"end":{"line":44,"column":51}},"16":{"start":{"line":45,"column":20},"end":{"line":45,"column":43}},"17":{"start":{"line":46,"column":20},"end":{"line":46,"column":67}},"18":{"start":{"line":47,"column":20},"end":{"line":47,"column":60}},"19":{"start":{"line":48,"column":20},"end":{"line":48,"column":26}},"20":{"start":{"line":53,"column":12},"end":{"line":56,"column":13}},"21":{"start":{"line":54,"column":16},"end":{"line":54,"column":55}},"22":{"start":{"line":55,"column":16},"end":{"line":55,"column":52}},"23":{"start":{"line":61,"column":50},"end":{"line":61,"column":60}},"24":{"start":{"line":62,"column":8},"end":{"line":62,"column":55}},"25":{"start":{"line":66,"column":26},"end":{"line":66,"column":47}},"26":{"start":{"line":68,"column":8},"end":{"line":103,"column":10}}},"fnMap":{"0":{"name":"(anonymous_0)","decl":{"start":{"line":8,"column":4},"end":{"line":8,"column":5}},"loc":{"start":{"line":8,"column":18},"end":{"line":19,"column":5}},"line":8},"1":{"name":"(anonymous_1)","decl":{"start":{"line":21,"column":4},"end":{"line":21,"column":5}},"loc":{"start":{"line":21,"column":20},"end":{"line":29,"column":5}},"line":21},"2":{"name":"(anonymous_2)","decl":{"start":{"line":31,"column":4},"end":{"line":31,"column":5}},"loc":{"start":{"line":31,"column":20},"end":{"line":59,"column":5}},"line":31},"3":{"name":"(anonymous_3)","decl":{"start":{"line":40,"column":29},"end":{"line":40,"column":30}},"loc":{"start":{"line":40,"column":40},"end":{"line":52,"column":13}},"line":40},"4":{"name":"(anonymous_4)","decl":{"start":{"line":60,"column":4},"end":{"line":60,"column":5}},"loc":{"start":{"line":60,"column":21},"end":{"line":63,"column":5}},"line":60},"5":{"name":"(anonymous_5)","decl":{"start":{"line":65,"column":4},"end":{"line":65,"column":5}},"loc":{"start":{"line":65,"column":13},"end":{"line":104,"column":5}},"line":65}},"branchMap":{"0":{"loc":{"start":{"line":23,"column":20},"end":{"line":23,"column":78}},"type":"cond-expr","locations":[{"start":{"line":23,"column":49},"end":{"line":23,"column":63}},{"start":{"line":23,"column":66},"end":{"line":23,"column":78}}],"line":23},"1":{"loc":{"start":{"line":39,"column":8},"end":{"line":57,"column":9}},"type":"if","locations":[{"start":{"line":39,"column":8},"end":{"line":57,"column":9}},{"start":{"line":39,"column":8},"end":{"line":57,"column":9}}],"line":39},"2":{"loc":{"start":{"line":43,"column":16},"end":{"line":49,"column":17}},"type":"if","locations":[{"start":{"line":43,"column":16},"end":{"line":49,"column":17}},{"start":{"line":43,"column":16},"end":{"line":49,"column":17}}],"line":43},"3":{"loc":{"start":{"line":43,"column":20},"end":{"line":43,"column":94}},"type":"binary-expr","locations":[{"start":{"line":43,"column":20},"end":{"line":43,"column":52}},{"start":{"line":43,"column":56},"end":{"line":43,"column":94}}],"line":43},"4":{"loc":{"start":{"line":53,"column":12},"end":{"line":56,"column":13}},"type":"if","locations":[{"start":{"line":53,"column":12},"end":{"line":56,"column":13}},{"start":{"line":53,"column":12},"end":{"line":56,"column":13}}],"line":53},"5":{"loc":{"start":{"line":62,"column":15},"end":{"line":62,"column":54}},"type":"binary-expr","locations":[{"start":{"line":62,"column":15},"end":{"line":62,"column":31}},{"start":{"line":62,"column":35},"end":{"line":62,"column":54}}],"line":62}},"s":{"0":9,"1":9,"2":9,"3":9,"4":2,"5":2,"6":2,"7":2,"8":0,"9":0,"10":0,"11":0,"12":0,"13":0,"14":0,"15":0,"16":0,"17":0,"18":0,"19":0,"20":0,"21":0,"22":0,"23":11,"24":11,"25":11,"26":11},"f":{"0":9,"1":2,"2":0,"3":0,"4":11,"5":11},"b":{"0":[0,2],"1":[0,0],"2":[0,0],"3":[0,0],"4":[0,0],"5":[11,1]},"_coverageSchema":"332fd63041d2c1bcb487cc26dd0d5f7d97098a6c","hash":"0ec510913495ac6b49465f1df21f8785c9912478"}
,"E:\\workspace\\vs_Code\\MERN\\Hospital\\hospitalApplication\\challenge\\src\\pages\\SignUpForm.js": {"path":"E:\\workspace\\vs_Code\\MERN\\Hospital\\hospitalApplication\\challenge\\src\\pages\\SignUpForm.js","statementMap":{"0":{"start":{"line":11,"column":8},"end":{"line":11,"column":21}},"1":{"start":{"line":13,"column":8},"end":{"line":20,"column":10}},"2":{"start":{"line":22,"column":8},"end":{"line":22,"column":57}},"3":{"start":{"line":23,"column":8},"end":{"line":23,"column":57}},"4":{"start":{"line":28,"column":21},"end":{"line":28,"column":29}},"5":{"start":{"line":29,"column":20},"end":{"line":29,"column":78}},"6":{"start":{"line":30,"column":19},"end":{"line":30,"column":30}},"7":{"start":{"line":31,"column":8},"end":{"line":31,"column":34}},"8":{"start":{"line":33,"column":8},"end":{"line":35,"column":11}},"9":{"start":{"line":40,"column":8},"end":{"line":40,"column":27}},"10":{"start":{"line":41,"column":8},"end":{"line":53,"column":9}},"11":{"start":{"line":42,"column":12},"end":{"line":49,"column":14}},"12":{"start":{"line":50,"column":12},"end":{"line":50,"column":52}},"13":{"start":{"line":51,"column":12},"end":{"line":51,"column":41}},"14":{"start":{"line":52,"column":12},"end":{"line":52,"column":48}},"15":{"start":{"line":64,"column":12},"end":{"line":64,"column":22}},"16":{"start":{"line":66,"column":8},"end":{"line":74,"column":10}},"17":{"start":{"line":78,"column":8},"end":{"line":132,"column":10}}},"fnMap":{"0":{"name":"(anonymous_0)","decl":{"start":{"line":10,"column":4},"end":{"line":10,"column":5}},"loc":{"start":{"line":10,"column":23},"end":{"line":24,"column":5}},"line":10},"1":{"name":"(anonymous_1)","decl":{"start":{"line":27,"column":4},"end":{"line":27,"column":5}},"loc":{"start":{"line":27,"column":20},"end":{"line":36,"column":5}},"line":27},"2":{"name":"(anonymous_2)","decl":{"start":{"line":39,"column":4},"end":{"line":39,"column":5}},"loc":{"start":{"line":39,"column":20},"end":{"line":54,"column":5}},"line":39},"3":{"name":"(anonymous_3)","decl":{"start":{"line":56,"column":4},"end":{"line":56,"column":5}},"loc":{"start":{"line":56,"column":21},"end":{"line":75,"column":5}},"line":56},"4":{"name":"(anonymous_4)","decl":{"start":{"line":77,"column":4},"end":{"line":77,"column":5}},"loc":{"start":{"line":77,"column":13},"end":{"line":133,"column":5}},"line":77}},"branchMap":{"0":{"loc":{"start":{"line":29,"column":20},"end":{"line":29,"column":78}},"type":"cond-expr","locations":[{"start":{"line":29,"column":49},"end":{"line":29,"column":63}},{"start":{"line":29,"column":66},"end":{"line":29,"column":78}}],"line":29},"1":{"loc":{"start":{"line":41,"column":8},"end":{"line":53,"column":9}},"type":"if","locations":[{"start":{"line":41,"column":8},"end":{"line":53,"column":9}},{"start":{"line":41,"column":8},"end":{"line":53,"column":9}}],"line":41},"2":{"loc":{"start":{"line":67,"column":12},"end":{"line":72,"column":31}},"type":"binary-expr","locations":[{"start":{"line":67,"column":12},"end":{"line":67,"column":28}},{"start":{"line":68,"column":12},"end":{"line":68,"column":28}},{"start":{"line":69,"column":12},"end":{"line":69,"column":31}},{"start":{"line":70,"column":12},"end":{"line":70,"column":26}},{"start":{"line":71,"column":12},"end":{"line":71,"column":31}},{"start":{"line":72,"column":12},"end":{"line":72,"column":31}}],"line":67}},"s":{"0":24,"1":24,"2":24,"3":24,"4":6,"5":6,"6":6,"7":6,"8":6,"9":0,"10":0,"11":0,"12":0,"13":0,"14":0,"15":0,"16":0,"17":30},"f":{"0":24,"1":6,"2":0,"3":0,"4":30},"b":{"0":[0,6],"1":[0,0],"2":[0,0,0,0,0,0]},"_coverageSchema":"332fd63041d2c1bcb487cc26dd0d5f7d97098a6c","hash":"af197ad4b8fbb11094860927258ecd0661d458f1"}
,"E:\\workspace\\vs_Code\\MERN\\Hospital\\hospitalApplication\\challenge\\src\\pages\\ViewAppointment.jsx": {"path":"E:\\workspace\\vs_Code\\MERN\\Hospital\\hospitalApplication\\challenge\\src\\pages\\ViewAppointment.jsx","statementMap":{"0":{"start":{"line":7,"column":4},"end":{"line":7,"column":17}},"1":{"start":{"line":8,"column":4},"end":{"line":10,"column":6}},"2":{"start":{"line":12,"column":4},"end":{"line":12,"column":51}},"3":{"start":{"line":16,"column":4},"end":{"line":16,"column":48}},"4":{"start":{"line":20,"column":25},"end":{"line":20,"column":35}},"5":{"start":{"line":21,"column":3},"end":{"line":23,"column":4}},"6":{"start":{"line":22,"column":5},"end":{"line":22,"column":42}},"7":{"start":{"line":24,"column":4},"end":{"line":65,"column":6}}},"fnMap":{"0":{"name":"(anonymous_0)","decl":{"start":{"line":6,"column":2},"end":{"line":6,"column":3}},"loc":{"start":{"line":6,"column":21},"end":{"line":13,"column":3}},"line":6},"1":{"name":"(anonymous_1)","decl":{"start":{"line":15,"column":2},"end":{"line":15,"column":3}},"loc":{"start":{"line":15,"column":17},"end":{"line":17,"column":3}},"line":15},"2":{"name":"(anonymous_2)","decl":{"start":{"line":19,"column":2},"end":{"line":19,"column":3}},"loc":{"start":{"line":19,"column":11},"end":{"line":66,"column":3}},"line":19}},"branchMap":{"0":{"loc":{"start":{"line":21,"column":3},"end":{"line":23,"column":4}},"type":"if","locations":[{"start":{"line":21,"column":3},"end":{"line":23,"column":4}},{"start":{"line":21,"column":3},"end":{"line":23,"column":4}}],"line":21}},"s":{"0":12,"1":12,"2":12,"3":0,"4":12,"5":12,"6":0,"7":12},"f":{"0":12,"1":0,"2":12},"b":{"0":[0,12]},"_coverageSchema":"332fd63041d2c1bcb487cc26dd0d5f7d97098a6c","hash":"a81c7e1f8b71436cfa0ca160f69d065f197a2327"}
,"E:\\workspace\\vs_Code\\MERN\\Hospital\\hospitalApplication\\challenge\\src\\pages\\ViewPatient.jsx": {"path":"E:\\workspace\\vs_Code\\MERN\\Hospital\\hospitalApplication\\challenge\\src\\pages\\ViewPatient.jsx","statementMap":{"0":{"start":{"line":6,"column":4},"end":{"line":6,"column":17}},"1":{"start":{"line":7,"column":4},"end":{"line":9,"column":6}},"2":{"start":{"line":11,"column":4},"end":{"line":11,"column":51}},"3":{"start":{"line":15,"column":4},"end":{"line":15,"column":44}},"4":{"start":{"line":19,"column":22},"end":{"line":19,"column":32}},"5":{"start":{"line":20,"column":4},"end":{"line":22,"column":5}},"6":{"start":{"line":21,"column":6},"end":{"line":21,"column":39}},"7":{"start":{"line":23,"column":4},"end":{"line":64,"column":6}}},"fnMap":{"0":{"name":"(anonymous_0)","decl":{"start":{"line":5,"column":2},"end":{"line":5,"column":3}},"loc":{"start":{"line":5,"column":21},"end":{"line":12,"column":3}},"line":5},"1":{"name":"(anonymous_1)","decl":{"start":{"line":14,"column":2},"end":{"line":14,"column":3}},"loc":{"start":{"line":14,"column":17},"end":{"line":16,"column":3}},"line":14},"2":{"name":"(anonymous_2)","decl":{"start":{"line":18,"column":2},"end":{"line":18,"column":3}},"loc":{"start":{"line":18,"column":11},"end":{"line":65,"column":3}},"line":18}},"branchMap":{"0":{"loc":{"start":{"line":20,"column":4},"end":{"line":22,"column":5}},"type":"if","locations":[{"start":{"line":20,"column":4},"end":{"line":22,"column":5}},{"start":{"line":20,"column":4},"end":{"line":22,"column":5}}],"line":20}},"s":{"0":12,"1":12,"2":12,"3":0,"4":12,"5":12,"6":0,"7":12},"f":{"0":12,"1":0,"2":12},"b":{"0":[0,12]},"_coverageSchema":"332fd63041d2c1bcb487cc26dd0d5f7d97098a6c","hash":"bb6a658ac87682f360e95eb2879cea9206a850ce"}
,"E:\\workspace\\vs_Code\\MERN\\Hospital\\hospitalApplication\\challenge\\src\\pages\\ViewProfile.jsx": {"path":"E:\\workspace\\vs_Code\\MERN\\Hospital\\hospitalApplication\\challenge\\src\\pages\\ViewProfile.jsx","statementMap":{"0":{"start":{"line":12,"column":4},"end":{"line":12,"column":17}},"1":{"start":{"line":13,"column":4},"end":{"line":15,"column":6}},"2":{"start":{"line":16,"column":4},"end":{"line":16,"column":51}},"3":{"start":{"line":19,"column":4},"end":{"line":19,"column":23}},"4":{"start":{"line":20,"column":4},"end":{"line":20,"column":44}},"5":{"start":{"line":25,"column":20},"end":{"line":25,"column":30}},"6":{"start":{"line":26,"column":4},"end":{"line":63,"column":6}}},"fnMap":{"0":{"name":"(anonymous_0)","decl":{"start":{"line":11,"column":2},"end":{"line":11,"column":3}},"loc":{"start":{"line":11,"column":21},"end":{"line":17,"column":3}},"line":11},"1":{"name":"(anonymous_1)","decl":{"start":{"line":18,"column":2},"end":{"line":18,"column":3}},"loc":{"start":{"line":18,"column":17},"end":{"line":21,"column":3}},"line":18},"2":{"name":"(anonymous_2)","decl":{"start":{"line":23,"column":2},"end":{"line":23,"column":3}},"loc":{"start":{"line":23,"column":11},"end":{"line":64,"column":3}},"line":23}},"branchMap":{"0":{"loc":{"start":{"line":14,"column":14},"end":{"line":14,"column":53}},"type":"binary-expr","locations":[{"start":{"line":14,"column":14},"end":{"line":14,"column":47}},{"start":{"line":14,"column":51},"end":{"line":14,"column":53}}],"line":14}},"s":{"0":12,"1":12,"2":12,"3":0,"4":0,"5":12,"6":12},"f":{"0":12,"1":0,"2":12},"b":{"0":[12,12]},"_coverageSchema":"332fd63041d2c1bcb487cc26dd0d5f7d97098a6c","hash":"d5caa508aaa171ce571301f9c3779f266110ebe1"}
,"E:\\workspace\\vs_Code\\MERN\\Hospital\\hospitalApplication\\challenge\\src\\pages\\data.js": {"path":"E:\\workspace\\vs_Code\\MERN\\Hospital\\hospitalApplication\\challenge\\src\\pages\\data.js","statementMap":{"0":{"start":{"line":2,"column":4},"end":{"line":2,"column":25}},"1":{"start":{"line":6,"column":4},"end":{"line":6,"column":25}},"2":{"start":{"line":10,"column":4},"end":{"line":10,"column":35}},"3":{"start":{"line":11,"column":4},"end":{"line":11,"column":27}},"4":{"start":{"line":14,"column":0},"end":{"line":28,"column":1}},"5":{"start":{"line":15,"column":13},"end":{"line":15,"column":57}},"6":{"start":{"line":17,"column":20},"end":{"line":24,"column":5}},"7":{"start":{"line":25,"column":4},"end":{"line":25,"column":33}},"8":{"start":{"line":31,"column":0},"end":{"line":41,"column":1}},"9":{"start":{"line":33,"column":4},"end":{"line":40,"column":6}},"10":{"start":{"line":44,"column":0},"end":{"line":47,"column":2}},"11":{"start":{"line":46,"column":4},"end":{"line":46,"column":42}},"12":{"start":{"line":49,"column":0},"end":{"line":52,"column":2}},"13":{"start":{"line":51,"column":4},"end":{"line":51,"column":71}},"14":{"start":{"line":51,"column":57},"end":{"line":51,"column":69}},"15":{"start":{"line":54,"column":0},"end":{"line":57,"column":2}},"16":{"start":{"line":55,"column":4},"end":{"line":55,"column":44}},"17":{"start":{"line":61,"column":0},"end":{"line":64,"column":2}},"18":{"start":{"line":62,"column":4},"end":{"line":62,"column":44}},"19":{"start":{"line":66,"column":0},"end":{"line":68,"column":1}},"20":{"start":{"line":67,"column":4},"end":{"line":67,"column":31}},"21":{"start":{"line":71,"column":0},"end":{"line":81,"column":1}},"22":{"start":{"line":72,"column":18},"end":{"line":72,"column":62}},"23":{"start":{"line":73,"column":4},"end":{"line":80,"column":6}},"24":{"start":{"line":83,"column":0},"end":{"line":93,"column":1}},"25":{"start":{"line":85,"column":4},"end":{"line":92,"column":6}},"26":{"start":{"line":95,"column":0},"end":{"line":98,"column":2}},"27":{"start":{"line":97,"column":4},"end":{"line":97,"column":42}},"28":{"start":{"line":100,"column":0},"end":{"line":104,"column":2}},"29":{"start":{"line":101,"column":4},"end":{"line":103,"column":6}},"30":{"start":{"line":102,"column":34},"end":{"line":102,"column":61}},"31":{"start":{"line":106,"column":0},"end":{"line":108,"column":1}},"32":{"start":{"line":107,"column":4},"end":{"line":107,"column":47}},"33":{"start":{"line":110,"column":0},"end":{"line":112,"column":1}},"34":{"start":{"line":111,"column":4},"end":{"line":111,"column":47}},"35":{"start":{"line":114,"column":0},"end":{"line":116,"column":1}},"36":{"start":{"line":115,"column":4},"end":{"line":115,"column":34}},"37":{"start":{"line":118,"column":0},"end":{"line":130,"column":1}},"38":{"start":{"line":120,"column":18},"end":{"line":120,"column":64}},"39":{"start":{"line":121,"column":4},"end":{"line":129,"column":6}},"40":{"start":{"line":132,"column":0},"end":{"line":135,"column":1}},"41":{"start":{"line":134,"column":4},"end":{"line":134,"column":49}},"42":{"start":{"line":137,"column":0},"end":{"line":142,"column":1}},"43":{"start":{"line":138,"column":4},"end":{"line":140,"column":5}},"44":{"start":{"line":139,"column":8},"end":{"line":139,"column":52}},"45":{"start":{"line":141,"column":4},"end":{"line":141,"column":21}},"46":{"start":{"line":144,"column":0},"end":{"line":146,"column":1}},"47":{"start":{"line":145,"column":4},"end":{"line":145,"column":33}},"48":{"start":{"line":148,"column":34},"end":{"line":148,"column":55}},"49":{"start":{"line":150,"column":30},"end":{"line":150,"column":54}},"50":{"start":{"line":152,"column":32},"end":{"line":152,"column":58}}},"fnMap":{"0":{"name":"patientsDetails","decl":{"start":{"line":1,"column":9},"end":{"line":1,"column":24}},"loc":{"start":{"line":1,"column":27},"end":{"line":3,"column":1}},"line":1},"1":{"name":"appointmentDetails","decl":{"start":{"line":5,"column":9},"end":{"line":5,"column":27}},"loc":{"start":{"line":5,"column":30},"end":{"line":7,"column":1}},"line":5},"2":{"name":"administratorDetails","decl":{"start":{"line":9,"column":9},"end":{"line":9,"column":29}},"loc":{"start":{"line":9,"column":32},"end":{"line":12,"column":1}},"line":9},"3":{"name":"(anonymous_3)","decl":{"start":{"line":14,"column":32},"end":{"line":14,"column":33}},"loc":{"start":{"line":14,"column":78},"end":{"line":28,"column":1}},"line":14},"4":{"name":"(anonymous_4)","decl":{"start":{"line":31,"column":33},"end":{"line":31,"column":34}},"loc":{"start":{"line":31,"column":83},"end":{"line":41,"column":1}},"line":31},"5":{"name":"(anonymous_5)","decl":{"start":{"line":44,"column":36},"end":{"line":44,"column":37}},"loc":{"start":{"line":44,"column":48},"end":{"line":47,"column":1}},"line":44},"6":{"name":"(anonymous_6)","decl":{"start":{"line":49,"column":36},"end":{"line":49,"column":37}},"loc":{"start":{"line":49,"column":48},"end":{"line":52,"column":1}},"line":49},"7":{"name":"(anonymous_7)","decl":{"start":{"line":51,"column":46},"end":{"line":51,"column":47}},"loc":{"start":{"line":51,"column":57},"end":{"line":51,"column":69}},"line":51},"8":{"name":"(anonymous_8)","decl":{"start":{"line":54,"column":46},"end":{"line":54,"column":47}},"loc":{"start":{"line":54,"column":60},"end":{"line":57,"column":1}},"line":54},"9":{"name":"(anonymous_9)","decl":{"start":{"line":61,"column":47},"end":{"line":61,"column":48}},"loc":{"start":{"line":61,"column":61},"end":{"line":64,"column":1}},"line":61},"10":{"name":"(anonymous_10)","decl":{"start":{"line":66,"column":42},"end":{"line":66,"column":43}},"loc":{"start":{"line":66,"column":56},"end":{"line":68,"column":1}},"line":66},"11":{"name":"(anonymous_11)","decl":{"start":{"line":71,"column":35},"end":{"line":71,"column":36}},"loc":{"start":{"line":71,"column":88},"end":{"line":81,"column":1}},"line":71},"12":{"name":"(anonymous_12)","decl":{"start":{"line":83,"column":36},"end":{"line":83,"column":37}},"loc":{"start":{"line":83,"column":96},"end":{"line":93,"column":1}},"line":83},"13":{"name":"(anonymous_13)","decl":{"start":{"line":95,"column":39},"end":{"line":95,"column":40}},"loc":{"start":{"line":95,"column":51},"end":{"line":98,"column":1}},"line":95},"14":{"name":"(anonymous_14)","decl":{"start":{"line":100,"column":39},"end":{"line":100,"column":40}},"loc":{"start":{"line":100,"column":51},"end":{"line":104,"column":1}},"line":100},"15":{"name":"(anonymous_15)","decl":{"start":{"line":102,"column":8},"end":{"line":102,"column":9}},"loc":{"start":{"line":102,"column":34},"end":{"line":102,"column":61}},"line":102},"16":{"name":"(anonymous_16)","decl":{"start":{"line":106,"column":53},"end":{"line":106,"column":54}},"loc":{"start":{"line":106,"column":70},"end":{"line":108,"column":1}},"line":106},"17":{"name":"(anonymous_17)","decl":{"start":{"line":110,"column":54},"end":{"line":110,"column":55}},"loc":{"start":{"line":110,"column":71},"end":{"line":112,"column":1}},"line":110},"18":{"name":"(anonymous_18)","decl":{"start":{"line":114,"column":49},"end":{"line":114,"column":50}},"loc":{"start":{"line":114,"column":66},"end":{"line":116,"column":1}},"line":114},"19":{"name":"(anonymous_19)","decl":{"start":{"line":118,"column":37},"end":{"line":118,"column":38}},"loc":{"start":{"line":118,"column":95},"end":{"line":130,"column":1}},"line":118},"20":{"name":"(anonymous_20)","decl":{"start":{"line":132,"column":41},"end":{"line":132,"column":42}},"loc":{"start":{"line":132,"column":53},"end":{"line":135,"column":1}},"line":132},"21":{"name":"(anonymous_21)","decl":{"start":{"line":137,"column":48},"end":{"line":137,"column":49}},"loc":{"start":{"line":137,"column":60},"end":{"line":142,"column":1}},"line":137},"22":{"name":"(anonymous_22)","decl":{"start":{"line":144,"column":48},"end":{"line":144,"column":49}},"loc":{"start":{"line":144,"column":67},"end":{"line":146,"column":1}},"line":144}},"branchMap":{"0":{"loc":{"start":{"line":15,"column":13},"end":{"line":15,"column":57}},"type":"binary-expr","locations":[{"start":{"line":15,"column":13},"end":{"line":15,"column":52}},{"start":{"line":15,"column":56},"end":{"line":15,"column":57}}],"line":15},"1":{"loc":{"start":{"line":55,"column":11},"end":{"line":55,"column":43}},"type":"binary-expr","locations":[{"start":{"line":55,"column":11},"end":{"line":55,"column":30}},{"start":{"line":55,"column":34},"end":{"line":55,"column":43}}],"line":55},"2":{"loc":{"start":{"line":62,"column":11},"end":{"line":62,"column":43}},"type":"binary-expr","locations":[{"start":{"line":62,"column":11},"end":{"line":62,"column":30}},{"start":{"line":62,"column":34},"end":{"line":62,"column":43}}],"line":62},"3":{"loc":{"start":{"line":72,"column":18},"end":{"line":72,"column":62}},"type":"binary-expr","locations":[{"start":{"line":72,"column":18},"end":{"line":72,"column":57}},{"start":{"line":72,"column":61},"end":{"line":72,"column":62}}],"line":72},"4":{"loc":{"start":{"line":107,"column":11},"end":{"line":107,"column":46}},"type":"binary-expr","locations":[{"start":{"line":107,"column":11},"end":{"line":107,"column":33}},{"start":{"line":107,"column":37},"end":{"line":107,"column":46}}],"line":107},"5":{"loc":{"start":{"line":111,"column":11},"end":{"line":111,"column":46}},"type":"binary-expr","locations":[{"start":{"line":111,"column":11},"end":{"line":111,"column":33}},{"start":{"line":111,"column":37},"end":{"line":111,"column":46}}],"line":111},"6":{"loc":{"start":{"line":120,"column":18},"end":{"line":120,"column":64}},"type":"binary-expr","locations":[{"start":{"line":120,"column":18},"end":{"line":120,"column":59}},{"start":{"line":120,"column":63},"end":{"line":120,"column":64}}],"line":120},"7":{"loc":{"start":{"line":134,"column":11},"end":{"line":134,"column":49}},"type":"binary-expr","locations":[{"start":{"line":134,"column":11},"end":{"line":134,"column":43}},{"start":{"line":134,"column":47},"end":{"line":134,"column":49}}],"line":134},"8":{"loc":{"start":{"line":138,"column":4},"end":{"line":140,"column":5}},"type":"if","locations":[{"start":{"line":138,"column":4},"end":{"line":140,"column":5}},{"start":{"line":138,"column":4},"end":{"line":140,"column":5}}],"line":138}},"s":{"0":12,"1":12,"2":12,"3":12,"4":12,"5":3,"6":3,"7":3,"8":12,"9":0,"10":12,"11":2,"12":12,"13":0,"14":0,"15":12,"16":18,"17":12,"18":12,"19":12,"20":0,"21":12,"22":4,"23":4,"24":12,"25":0,"26":12,"27":3,"28":12,"29":0,"30":0,"31":12,"32":66,"33":12,"34":0,"35":12,"36":0,"37":12,"38":1,"39":1,"40":12,"41":9,"42":12,"43":12,"44":0,"45":12,"46":12,"47":0,"48":12,"49":12,"50":12},"f":{"0":12,"1":12,"2":12,"3":3,"4":0,"5":2,"6":0,"7":0,"8":18,"9":12,"10":0,"11":4,"12":0,"13":3,"14":0,"15":0,"16":66,"17":0,"18":0,"19":1,"20":9,"21":12,"22":0},"b":{"0":[3,0],"1":[18,0],"2":[12,0],"3":[4,0],"4":[66,0],"5":[0,0],"6":[1,0],"7":[9,0],"8":[0,12]},"_coverageSchema":"332fd63041d2c1bcb487cc26dd0d5f7d97098a6c","hash":"67d5fa5ee54caf29186095086aa7d71ca07630be"}
}
